0 info it worked if it ends with ok
1 verbose cli [ '/home/barry/.nvm/versions/node/v6.2.1/bin/node',
1 verbose cli   '/home/barry/.nvm/versions/node/v6.2.1/bin/npm',
1 verbose cli   'install' ]
2 info using npm@3.9.3
3 info using node@v6.2.1
4 silly loadCurrentTree Starting
5 silly install loadCurrentTree
6 silly install readLocalPackageData
7 silly install normalizeTree
8 silly loadCurrentTree Finishing
9 silly loadIdealTree Starting
10 silly install loadIdealTree
11 silly cloneCurrentTree Starting
12 silly install cloneCurrentTreeToIdealTree
13 silly cloneCurrentTree Finishing
14 silly loadShrinkwrap Starting
15 silly install loadShrinkwrap
16 silly loadShrinkwrap Finishing
17 silly loadAllDepsIntoIdealTree Starting
18 silly install loadAllDepsIntoIdealTree
19 silly fetchNamedPackageData pg-native
20 silly mapToRegistry name pg-native
21 silly mapToRegistry using default registry
22 silly mapToRegistry registry https://registry.npmjs.org/
23 silly mapToRegistry data Result {
23 silly mapToRegistry   raw: 'pg-native',
23 silly mapToRegistry   scope: null,
23 silly mapToRegistry   name: 'pg-native',
23 silly mapToRegistry   rawSpec: '',
23 silly mapToRegistry   spec: 'latest',
23 silly mapToRegistry   type: 'tag' }
24 silly mapToRegistry uri https://registry.npmjs.org/pg-native
25 verbose request uri https://registry.npmjs.org/pg-native
26 verbose request no auth needed
27 info attempt registry request try #1 at 5:29:27 PM
28 verbose request id 35b82e4769180728
29 verbose etag "3VIP3RBVC5O70N6TWDKB0QUPF"
30 http request GET https://registry.npmjs.org/pg-native
31 http 304 https://registry.npmjs.org/pg-native
32 verbose headers { date: 'Mon, 27 Jun 2016 21:29:27 GMT',
32 verbose headers   via: '1.1 varnish',
32 verbose headers   'cache-control': 'max-age=300',
32 verbose headers   etag: '"3VIP3RBVC5O70N6TWDKB0QUPF"',
32 verbose headers   age: '180',
32 verbose headers   connection: 'keep-alive',
32 verbose headers   'x-served-by': 'cache-jfk1046-JFK',
32 verbose headers   'x-cache': 'HIT',
32 verbose headers   'x-cache-hits': '1',
32 verbose headers   'x-timer': 'S1467062967.251505,VS0,VE0',
32 verbose headers   vary: 'Accept-Encoding' }
33 silly get cb [ 304,
33 silly get   { date: 'Mon, 27 Jun 2016 21:29:27 GMT',
33 silly get     via: '1.1 varnish',
33 silly get     'cache-control': 'max-age=300',
33 silly get     etag: '"3VIP3RBVC5O70N6TWDKB0QUPF"',
33 silly get     age: '180',
33 silly get     connection: 'keep-alive',
33 silly get     'x-served-by': 'cache-jfk1046-JFK',
33 silly get     'x-cache': 'HIT',
33 silly get     'x-cache-hits': '1',
33 silly get     'x-timer': 'S1467062967.251505,VS0,VE0',
33 silly get     vary: 'Accept-Encoding' } ]
34 verbose etag https://registry.npmjs.org/pg-native from cache
35 verbose get saving pg-native to /home/barry/.npm/registry.npmjs.org/pg-native/.cache.json
36 verbose correctMkdir /home/barry/.npm correctMkdir not in flight; initializing
37 silly resolveWithNewModule pg-native@1.10.0 checking installable status
38 silly cache add args [ 'pg-native@~1.10.0', null ]
39 verbose cache add spec pg-native@~1.10.0
40 silly cache add parsed spec Result {
40 silly cache add   raw: 'pg-native@~1.10.0',
40 silly cache add   scope: null,
40 silly cache add   name: 'pg-native',
40 silly cache add   rawSpec: '~1.10.0',
40 silly cache add   spec: '>=1.10.0 <1.11.0',
40 silly cache add   type: 'range' }
41 silly addNamed pg-native@>=1.10.0 <1.11.0
42 verbose addNamed ">=1.10.0 <1.11.0" is a valid semver range for pg-native
43 silly addNameRange { name: 'pg-native', range: '>=1.10.0 <1.11.0', hasData: false }
44 silly mapToRegistry name pg-native
45 silly mapToRegistry using default registry
46 silly mapToRegistry registry https://registry.npmjs.org/
47 silly mapToRegistry data Result {
47 silly mapToRegistry   raw: 'pg-native',
47 silly mapToRegistry   scope: null,
47 silly mapToRegistry   name: 'pg-native',
47 silly mapToRegistry   rawSpec: '',
47 silly mapToRegistry   spec: 'latest',
47 silly mapToRegistry   type: 'tag' }
48 silly mapToRegistry uri https://registry.npmjs.org/pg-native
49 verbose addNameRange registry:https://registry.npmjs.org/pg-native not in flight; fetching
50 verbose get https://registry.npmjs.org/pg-native not expired, no request
51 silly addNameRange number 2 { name: 'pg-native', range: '>=1.10.0 <1.11.0', hasData: true }
52 silly addNameRange versions [ 'pg-native',
52 silly addNameRange   [ '0.0.1',
52 silly addNameRange     '0.0.2',
52 silly addNameRange     '0.1.0',
52 silly addNameRange     '0.2.0',
52 silly addNameRange     '0.3.0',
52 silly addNameRange     '0.4.0',
52 silly addNameRange     '0.4.1',
52 silly addNameRange     '0.5.0',
52 silly addNameRange     '0.5.1',
52 silly addNameRange     '0.5.2',
52 silly addNameRange     '1.0.0',
52 silly addNameRange     '1.0.1',
52 silly addNameRange     '1.0.2',
52 silly addNameRange     '1.0.3',
52 silly addNameRange     '1.1.0',
52 silly addNameRange     '1.2.0',
52 silly addNameRange     '1.3.0',
52 silly addNameRange     '1.4.0',
52 silly addNameRange     '1.4.1',
52 silly addNameRange     '1.4.2',
52 silly addNameRange     '1.4.3',
52 silly addNameRange     '1.5.0',
52 silly addNameRange     '1.7.2',
52 silly addNameRange     '1.7.3',
52 silly addNameRange     '1.8.0',
52 silly addNameRange     '1.8.1',
52 silly addNameRange     '1.9.0',
52 silly addNameRange     '1.10.0' ] ]
53 silly addNamed pg-native@1.10.0
54 verbose addNamed "1.10.0" is a plain semver version for pg-native
55 silly cache afterAdd pg-native@1.10.0
56 verbose afterAdd /home/barry/.npm/pg-native/1.10.0/package/package.json not in flight; writing
57 verbose correctMkdir /home/barry/.npm correctMkdir not in flight; initializing
58 verbose afterAdd /home/barry/.npm/pg-native/1.10.0/package/package.json written
59 silly fetchNamedPackageData libpq
60 silly mapToRegistry name libpq
61 silly mapToRegistry using default registry
62 silly mapToRegistry registry https://registry.npmjs.org/
63 silly mapToRegistry data Result {
63 silly mapToRegistry   raw: 'libpq',
63 silly mapToRegistry   scope: null,
63 silly mapToRegistry   name: 'libpq',
63 silly mapToRegistry   rawSpec: '',
63 silly mapToRegistry   spec: 'latest',
63 silly mapToRegistry   type: 'tag' }
64 silly mapToRegistry uri https://registry.npmjs.org/libpq
65 silly fetchNamedPackageData pg-types
66 silly mapToRegistry name pg-types
67 silly mapToRegistry using default registry
68 silly mapToRegistry registry https://registry.npmjs.org/
69 silly mapToRegistry data Result {
69 silly mapToRegistry   raw: 'pg-types',
69 silly mapToRegistry   scope: null,
69 silly mapToRegistry   name: 'pg-types',
69 silly mapToRegistry   rawSpec: '',
69 silly mapToRegistry   spec: 'latest',
69 silly mapToRegistry   type: 'tag' }
70 silly mapToRegistry uri https://registry.npmjs.org/pg-types
71 verbose request uri https://registry.npmjs.org/libpq
72 verbose request no auth needed
73 info attempt registry request try #1 at 5:29:27 PM
74 verbose etag "F5I8UE6CUID6U3KNOTYGXRL31"
75 http request GET https://registry.npmjs.org/libpq
76 http 304 https://registry.npmjs.org/libpq
77 verbose headers { date: 'Mon, 27 Jun 2016 21:29:27 GMT',
77 verbose headers   via: '1.1 varnish',
77 verbose headers   'cache-control': 'max-age=300',
77 verbose headers   etag: '"F5I8UE6CUID6U3KNOTYGXRL31"',
77 verbose headers   age: '189',
77 verbose headers   connection: 'keep-alive',
77 verbose headers   'x-served-by': 'cache-jfk1046-JFK',
77 verbose headers   'x-cache': 'HIT',
77 verbose headers   'x-cache-hits': '1',
77 verbose headers   'x-timer': 'S1467062967.384560,VS0,VE0',
77 verbose headers   vary: 'Accept-Encoding' }
78 silly get cb [ 304,
78 silly get   { date: 'Mon, 27 Jun 2016 21:29:27 GMT',
78 silly get     via: '1.1 varnish',
78 silly get     'cache-control': 'max-age=300',
78 silly get     etag: '"F5I8UE6CUID6U3KNOTYGXRL31"',
78 silly get     age: '189',
78 silly get     connection: 'keep-alive',
78 silly get     'x-served-by': 'cache-jfk1046-JFK',
78 silly get     'x-cache': 'HIT',
78 silly get     'x-cache-hits': '1',
78 silly get     'x-timer': 'S1467062967.384560,VS0,VE0',
78 silly get     vary: 'Accept-Encoding' } ]
79 verbose etag https://registry.npmjs.org/libpq from cache
80 verbose get saving libpq to /home/barry/.npm/registry.npmjs.org/libpq/.cache.json
81 verbose correctMkdir /home/barry/.npm correctMkdir not in flight; initializing
82 verbose request uri https://registry.npmjs.org/pg-types
83 verbose request no auth needed
84 info attempt registry request try #1 at 5:29:27 PM
85 verbose etag "3S1GJ0XK5L0WUMKE99SRPVCWB"
86 http request GET https://registry.npmjs.org/pg-types
87 http 304 https://registry.npmjs.org/pg-types
88 verbose headers { date: 'Mon, 27 Jun 2016 21:29:27 GMT',
88 verbose headers   via: '1.1 varnish',
88 verbose headers   'cache-control': 'max-age=300',
88 verbose headers   etag: '"3S1GJ0XK5L0WUMKE99SRPVCWB"',
88 verbose headers   age: '75',
88 verbose headers   connection: 'keep-alive',
88 verbose headers   'x-served-by': 'cache-jfk1046-JFK',
88 verbose headers   'x-cache': 'HIT',
88 verbose headers   'x-cache-hits': '1',
88 verbose headers   'x-timer': 'S1467062967.398401,VS0,VE0',
88 verbose headers   vary: 'Accept-Encoding' }
89 silly get cb [ 304,
89 silly get   { date: 'Mon, 27 Jun 2016 21:29:27 GMT',
89 silly get     via: '1.1 varnish',
89 silly get     'cache-control': 'max-age=300',
89 silly get     etag: '"3S1GJ0XK5L0WUMKE99SRPVCWB"',
89 silly get     age: '75',
89 silly get     connection: 'keep-alive',
89 silly get     'x-served-by': 'cache-jfk1046-JFK',
89 silly get     'x-cache': 'HIT',
89 silly get     'x-cache-hits': '1',
89 silly get     'x-timer': 'S1467062967.398401,VS0,VE0',
89 silly get     vary: 'Accept-Encoding' } ]
90 verbose etag https://registry.npmjs.org/pg-types from cache
91 verbose get saving pg-types to /home/barry/.npm/registry.npmjs.org/pg-types/.cache.json
92 verbose correctMkdir /home/barry/.npm correctMkdir not in flight; initializing
93 silly resolveWithNewModule libpq@1.8.3 checking installable status
94 silly cache add args [ 'libpq@^1.7.0', null ]
95 verbose cache add spec libpq@^1.7.0
96 silly cache add parsed spec Result {
96 silly cache add   raw: 'libpq@^1.7.0',
96 silly cache add   scope: null,
96 silly cache add   name: 'libpq',
96 silly cache add   rawSpec: '^1.7.0',
96 silly cache add   spec: '>=1.7.0 <2.0.0',
96 silly cache add   type: 'range' }
97 silly addNamed libpq@>=1.7.0 <2.0.0
98 verbose addNamed ">=1.7.0 <2.0.0" is a valid semver range for libpq
99 silly addNameRange { name: 'libpq', range: '>=1.7.0 <2.0.0', hasData: false }
100 silly mapToRegistry name libpq
101 silly mapToRegistry using default registry
102 silly mapToRegistry registry https://registry.npmjs.org/
103 silly mapToRegistry data Result {
103 silly mapToRegistry   raw: 'libpq',
103 silly mapToRegistry   scope: null,
103 silly mapToRegistry   name: 'libpq',
103 silly mapToRegistry   rawSpec: '',
103 silly mapToRegistry   spec: 'latest',
103 silly mapToRegistry   type: 'tag' }
104 silly mapToRegistry uri https://registry.npmjs.org/libpq
105 verbose addNameRange registry:https://registry.npmjs.org/libpq not in flight; fetching
106 verbose get https://registry.npmjs.org/libpq not expired, no request
107 silly addNameRange number 2 { name: 'libpq', range: '>=1.7.0 <2.0.0', hasData: true }
108 silly addNameRange versions [ 'libpq',
108 silly addNameRange   [ '0.2.0',
108 silly addNameRange     '0.2.1',
108 silly addNameRange     '0.2.2',
108 silly addNameRange     '0.2.3',
108 silly addNameRange     '0.2.4',
108 silly addNameRange     '0.2.5',
108 silly addNameRange     '0.3.0',
108 silly addNameRange     '0.4.0',
108 silly addNameRange     '0.4.1',
108 silly addNameRange     '0.5.0',
108 silly addNameRange     '0.5.1',
108 silly addNameRange     '0.5.2',
108 silly addNameRange     '0.5.3',
108 silly addNameRange     '1.0.0',
108 silly addNameRange     '1.0.1',
108 silly addNameRange     '1.1.0',
108 silly addNameRange     '1.2.0',
108 silly addNameRange     '1.2.1',
108 silly addNameRange     '1.3.0',
108 silly addNameRange     '1.3.1',
108 silly addNameRange     '1.4.0',
108 silly addNameRange     '1.4.1',
108 silly addNameRange     '1.4.2',
108 silly addNameRange     '1.5.1',
108 silly addNameRange     '1.6.0',
108 silly addNameRange     '1.6.1',
108 silly addNameRange     '1.6.2',
108 silly addNameRange     '1.6.3',
108 silly addNameRange     '1.6.4',
108 silly addNameRange     '1.7.0',
108 silly addNameRange     '1.8.0',
108 silly addNameRange     '1.8.1',
108 silly addNameRange     '1.8.2',
108 silly addNameRange     '1.8.3' ] ]
109 silly addNamed libpq@1.8.3
110 verbose addNamed "1.8.3" is a plain semver version for libpq
111 silly cache afterAdd libpq@1.8.3
112 verbose afterAdd /home/barry/.npm/libpq/1.8.3/package/package.json not in flight; writing
113 verbose correctMkdir /home/barry/.npm correctMkdir not in flight; initializing
114 verbose afterAdd /home/barry/.npm/libpq/1.8.3/package/package.json written
115 silly resolveWithNewModule pg-types@1.6.0 checking installable status
116 silly cache add args [ 'pg-types@1.6.0', null ]
117 verbose cache add spec pg-types@1.6.0
118 silly cache add parsed spec Result {
118 silly cache add   raw: 'pg-types@1.6.0',
118 silly cache add   scope: null,
118 silly cache add   name: 'pg-types',
118 silly cache add   rawSpec: '1.6.0',
118 silly cache add   spec: '1.6.0',
118 silly cache add   type: 'version' }
119 silly addNamed pg-types@1.6.0
120 verbose addNamed "1.6.0" is a plain semver version for pg-types
121 silly mapToRegistry name pg-types
122 silly mapToRegistry using default registry
123 silly mapToRegistry registry https://registry.npmjs.org/
124 silly mapToRegistry data Result {
124 silly mapToRegistry   raw: 'pg-types',
124 silly mapToRegistry   scope: null,
124 silly mapToRegistry   name: 'pg-types',
124 silly mapToRegistry   rawSpec: '',
124 silly mapToRegistry   spec: 'latest',
124 silly mapToRegistry   type: 'tag' }
125 silly mapToRegistry uri https://registry.npmjs.org/pg-types
126 verbose addNameVersion registry:https://registry.npmjs.org/pg-types not in flight; fetching
127 verbose get https://registry.npmjs.org/pg-types not expired, no request
128 silly cache afterAdd pg-types@1.6.0
129 verbose afterAdd /home/barry/.npm/pg-types/1.6.0/package/package.json not in flight; writing
130 verbose correctMkdir /home/barry/.npm correctMkdir not in flight; initializing
131 verbose afterAdd /home/barry/.npm/pg-types/1.6.0/package/package.json written
132 silly fetchNamedPackageData nan
133 silly mapToRegistry name nan
134 silly mapToRegistry using default registry
135 silly mapToRegistry registry https://registry.npmjs.org/
136 silly mapToRegistry data Result {
136 silly mapToRegistry   raw: 'nan',
136 silly mapToRegistry   scope: null,
136 silly mapToRegistry   name: 'nan',
136 silly mapToRegistry   rawSpec: '',
136 silly mapToRegistry   spec: 'latest',
136 silly mapToRegistry   type: 'tag' }
137 silly mapToRegistry uri https://registry.npmjs.org/nan
138 silly fetchNamedPackageData bindings
139 silly mapToRegistry name bindings
140 silly mapToRegistry using default registry
141 silly mapToRegistry registry https://registry.npmjs.org/
142 silly mapToRegistry data Result {
142 silly mapToRegistry   raw: 'bindings',
142 silly mapToRegistry   scope: null,
142 silly mapToRegistry   name: 'bindings',
142 silly mapToRegistry   rawSpec: '',
142 silly mapToRegistry   spec: 'latest',
142 silly mapToRegistry   type: 'tag' }
143 silly mapToRegistry uri https://registry.npmjs.org/bindings
144 verbose request uri https://registry.npmjs.org/nan
145 verbose request no auth needed
146 info attempt registry request try #1 at 5:29:27 PM
147 verbose etag "12RFHNMU7CS3WJ1892HQLM0NB"
148 http request GET https://registry.npmjs.org/nan
149 verbose request uri https://registry.npmjs.org/bindings
150 verbose request no auth needed
151 info attempt registry request try #1 at 5:29:27 PM
152 verbose etag "33TX4J3DNTGF7K41ZUV6OA182"
153 http request GET https://registry.npmjs.org/bindings
154 http 304 https://registry.npmjs.org/nan
155 verbose headers { date: 'Mon, 27 Jun 2016 21:29:27 GMT',
155 verbose headers   via: '1.1 varnish',
155 verbose headers   'cache-control': 'max-age=300',
155 verbose headers   etag: '"12RFHNMU7CS3WJ1892HQLM0NB"',
155 verbose headers   age: '143',
155 verbose headers   connection: 'keep-alive',
155 verbose headers   'x-served-by': 'cache-jfk1046-JFK',
155 verbose headers   'x-cache': 'HIT',
155 verbose headers   'x-cache-hits': '5',
155 verbose headers   'x-timer': 'S1467062967.522406,VS0,VE0',
155 verbose headers   vary: 'Accept-Encoding' }
156 silly get cb [ 304,
156 silly get   { date: 'Mon, 27 Jun 2016 21:29:27 GMT',
156 silly get     via: '1.1 varnish',
156 silly get     'cache-control': 'max-age=300',
156 silly get     etag: '"12RFHNMU7CS3WJ1892HQLM0NB"',
156 silly get     age: '143',
156 silly get     connection: 'keep-alive',
156 silly get     'x-served-by': 'cache-jfk1046-JFK',
156 silly get     'x-cache': 'HIT',
156 silly get     'x-cache-hits': '5',
156 silly get     'x-timer': 'S1467062967.522406,VS0,VE0',
156 silly get     vary: 'Accept-Encoding' } ]
157 verbose etag https://registry.npmjs.org/nan from cache
158 verbose get saving nan to /home/barry/.npm/registry.npmjs.org/nan/.cache.json
159 verbose correctMkdir /home/barry/.npm correctMkdir not in flight; initializing
160 http 304 https://registry.npmjs.org/bindings
161 verbose headers { date: 'Mon, 27 Jun 2016 21:29:27 GMT',
161 verbose headers   via: '1.1 varnish',
161 verbose headers   'cache-control': 'max-age=300',
161 verbose headers   etag: '"33TX4J3DNTGF7K41ZUV6OA182"',
161 verbose headers   age: '73',
161 verbose headers   connection: 'keep-alive',
161 verbose headers   'x-served-by': 'cache-jfk1023-JFK',
161 verbose headers   'x-cache': 'HIT',
161 verbose headers   'x-cache-hits': '610',
161 verbose headers   'x-timer': 'S1467062967.540948,VS0,VE0',
161 verbose headers   vary: 'Accept-Encoding' }
162 silly get cb [ 304,
162 silly get   { date: 'Mon, 27 Jun 2016 21:29:27 GMT',
162 silly get     via: '1.1 varnish',
162 silly get     'cache-control': 'max-age=300',
162 silly get     etag: '"33TX4J3DNTGF7K41ZUV6OA182"',
162 silly get     age: '73',
162 silly get     connection: 'keep-alive',
162 silly get     'x-served-by': 'cache-jfk1023-JFK',
162 silly get     'x-cache': 'HIT',
162 silly get     'x-cache-hits': '610',
162 silly get     'x-timer': 'S1467062967.540948,VS0,VE0',
162 silly get     vary: 'Accept-Encoding' } ]
163 verbose etag https://registry.npmjs.org/bindings from cache
164 verbose get saving bindings to /home/barry/.npm/registry.npmjs.org/bindings/.cache.json
165 verbose correctMkdir /home/barry/.npm correctMkdir not in flight; initializing
166 silly resolveWithNewModule nan@2.3.5 checking installable status
167 silly cache add args [ 'nan@^2.3.0', null ]
168 verbose cache add spec nan@^2.3.0
169 silly cache add parsed spec Result {
169 silly cache add   raw: 'nan@^2.3.0',
169 silly cache add   scope: null,
169 silly cache add   name: 'nan',
169 silly cache add   rawSpec: '^2.3.0',
169 silly cache add   spec: '>=2.3.0 <3.0.0',
169 silly cache add   type: 'range' }
170 silly addNamed nan@>=2.3.0 <3.0.0
171 verbose addNamed ">=2.3.0 <3.0.0" is a valid semver range for nan
172 silly addNameRange { name: 'nan', range: '>=2.3.0 <3.0.0', hasData: false }
173 silly mapToRegistry name nan
174 silly mapToRegistry using default registry
175 silly mapToRegistry registry https://registry.npmjs.org/
176 silly mapToRegistry data Result {
176 silly mapToRegistry   raw: 'nan',
176 silly mapToRegistry   scope: null,
176 silly mapToRegistry   name: 'nan',
176 silly mapToRegistry   rawSpec: '',
176 silly mapToRegistry   spec: 'latest',
176 silly mapToRegistry   type: 'tag' }
177 silly mapToRegistry uri https://registry.npmjs.org/nan
178 verbose addNameRange registry:https://registry.npmjs.org/nan not in flight; fetching
179 verbose get https://registry.npmjs.org/nan not expired, no request
180 silly addNameRange number 2 { name: 'nan', range: '>=2.3.0 <3.0.0', hasData: true }
181 silly addNameRange versions [ 'nan',
181 silly addNameRange   [ '0.3.0-wip',
181 silly addNameRange     '0.3.0-wip2',
181 silly addNameRange     '0.3.0',
181 silly addNameRange     '0.3.1',
181 silly addNameRange     '0.3.2',
181 silly addNameRange     '0.4.0',
181 silly addNameRange     '0.4.1',
181 silly addNameRange     '0.4.2',
181 silly addNameRange     '0.4.3',
181 silly addNameRange     '0.4.4',
181 silly addNameRange     '0.5.0',
181 silly addNameRange     '0.5.1',
181 silly addNameRange     '0.5.2',
181 silly addNameRange     '0.6.0',
181 silly addNameRange     '0.7.0',
181 silly addNameRange     '0.7.1',
181 silly addNameRange     '0.8.0',
181 silly addNameRange     '1.0.0',
181 silly addNameRange     '1.1.0',
181 silly addNameRange     '1.1.1',
181 silly addNameRange     '1.1.2',
181 silly addNameRange     '1.2.0',
181 silly addNameRange     '1.3.0',
181 silly addNameRange     '1.4.0',
181 silly addNameRange     '1.4.1',
181 silly addNameRange     '1.5.0',
181 silly addNameRange     '1.4.2',
181 silly addNameRange     '1.4.3',
181 silly addNameRange     '1.5.1',
181 silly addNameRange     '1.5.2',
181 silly addNameRange     '1.6.0',
181 silly addNameRange     '1.5.3',
181 silly addNameRange     '1.6.1',
181 silly addNameRange     '1.6.2',
181 silly addNameRange     '1.7.0',
181 silly addNameRange     '1.8.0',
181 silly addNameRange     '1.8.1',
181 silly addNameRange     '1.8.2',
181 silly addNameRange     '1.8.3',
181 silly addNameRange     '1.8.4',
181 silly addNameRange     '1.9.0',
181 silly addNameRange     '2.0.0',
181 silly addNameRange     '2.0.1',
181 silly addNameRange     '2.0.2',
181 silly addNameRange     '2.0.3',
181 silly addNameRange     '2.0.4',
181 silly addNameRange     '2.0.5',
181 silly addNameRange     '2.0.6',
181 silly addNameRange     '2.0.7',
181 silly addNameRange     '2.0.8',
181 silly addNameRange     '2.0.9',
181 silly addNameRange     '2.1.0',
181 silly addNameRange     '2.2.0',
181 silly addNameRange     '2.2.1',
181 silly addNameRange     '2.3.0',
181 silly addNameRange     '2.3.1',
181 silly addNameRange     '2.3.2',
181 silly addNameRange     '2.3.3',
181 silly addNameRange     '2.3.4',
181 silly addNameRange     '2.3.5' ] ]
182 silly addNamed nan@2.3.5
183 verbose addNamed "2.3.5" is a plain semver version for nan
184 silly cache afterAdd nan@2.3.5
185 verbose afterAdd /home/barry/.npm/nan/2.3.5/package/package.json not in flight; writing
186 verbose correctMkdir /home/barry/.npm correctMkdir not in flight; initializing
187 silly resolveWithNewModule bindings@1.2.1 checking installable status
188 silly cache add args [ 'bindings@1.2.1', null ]
189 verbose cache add spec bindings@1.2.1
190 silly cache add parsed spec Result {
190 silly cache add   raw: 'bindings@1.2.1',
190 silly cache add   scope: null,
190 silly cache add   name: 'bindings',
190 silly cache add   rawSpec: '1.2.1',
190 silly cache add   spec: '1.2.1',
190 silly cache add   type: 'version' }
191 silly addNamed bindings@1.2.1
192 verbose addNamed "1.2.1" is a plain semver version for bindings
193 silly mapToRegistry name bindings
194 silly mapToRegistry using default registry
195 silly mapToRegistry registry https://registry.npmjs.org/
196 silly mapToRegistry data Result {
196 silly mapToRegistry   raw: 'bindings',
196 silly mapToRegistry   scope: null,
196 silly mapToRegistry   name: 'bindings',
196 silly mapToRegistry   rawSpec: '',
196 silly mapToRegistry   spec: 'latest',
196 silly mapToRegistry   type: 'tag' }
197 silly mapToRegistry uri https://registry.npmjs.org/bindings
198 verbose addNameVersion registry:https://registry.npmjs.org/bindings not in flight; fetching
199 verbose get https://registry.npmjs.org/bindings not expired, no request
200 silly cache afterAdd bindings@1.2.1
201 verbose afterAdd /home/barry/.npm/bindings/1.2.1/package/package.json not in flight; writing
202 verbose correctMkdir /home/barry/.npm correctMkdir not in flight; initializing
203 verbose afterAdd /home/barry/.npm/nan/2.3.5/package/package.json written
204 verbose afterAdd /home/barry/.npm/bindings/1.2.1/package/package.json written
205 silly fetchNamedPackageData fsevents
206 silly mapToRegistry name fsevents
207 silly mapToRegistry using default registry
208 silly mapToRegistry registry https://registry.npmjs.org/
209 silly mapToRegistry data Result {
209 silly mapToRegistry   raw: 'fsevents',
209 silly mapToRegistry   scope: null,
209 silly mapToRegistry   name: 'fsevents',
209 silly mapToRegistry   rawSpec: '',
209 silly mapToRegistry   spec: 'latest',
209 silly mapToRegistry   type: 'tag' }
210 silly mapToRegistry uri https://registry.npmjs.org/fsevents
211 verbose request uri https://registry.npmjs.org/fsevents
212 verbose request no auth needed
213 info attempt registry request try #1 at 5:29:27 PM
214 verbose etag "6WG2IHJ3R1KBCEVEQH5157IQJ"
215 http request GET https://registry.npmjs.org/fsevents
216 http 304 https://registry.npmjs.org/fsevents
217 verbose headers { date: 'Mon, 27 Jun 2016 21:29:27 GMT',
217 verbose headers   via: '1.1 varnish',
217 verbose headers   'cache-control': 'max-age=300',
217 verbose headers   etag: '"6WG2IHJ3R1KBCEVEQH5157IQJ"',
217 verbose headers   age: '31',
217 verbose headers   connection: 'keep-alive',
217 verbose headers   'x-served-by': 'cache-jfk1046-JFK',
217 verbose headers   'x-cache': 'HIT',
217 verbose headers   'x-cache-hits': '4',
217 verbose headers   'x-timer': 'S1467062967.663084,VS0,VE0',
217 verbose headers   vary: 'Accept-Encoding' }
218 silly get cb [ 304,
218 silly get   { date: 'Mon, 27 Jun 2016 21:29:27 GMT',
218 silly get     via: '1.1 varnish',
218 silly get     'cache-control': 'max-age=300',
218 silly get     etag: '"6WG2IHJ3R1KBCEVEQH5157IQJ"',
218 silly get     age: '31',
218 silly get     connection: 'keep-alive',
218 silly get     'x-served-by': 'cache-jfk1046-JFK',
218 silly get     'x-cache': 'HIT',
218 silly get     'x-cache-hits': '4',
218 silly get     'x-timer': 'S1467062967.663084,VS0,VE0',
218 silly get     vary: 'Accept-Encoding' } ]
219 verbose etag https://registry.npmjs.org/fsevents from cache
220 verbose get saving fsevents to /home/barry/.npm/registry.npmjs.org/fsevents/.cache.json
221 verbose correctMkdir /home/barry/.npm correctMkdir not in flight; initializing
222 silly resolveWithNewModule fsevents@1.0.12 checking installable status
223 silly loadAllDepsIntoIdealTree Finishing
224 silly idealTree:prePrune trip@1.0.0
224 silly idealTree:prePrune ├── abbrev@1.0.9
224 silly idealTree:prePrune ├── accepts@1.3.3
224 silly idealTree:prePrune ├── amdefine@1.0.0
224 silly idealTree:prePrune ├── ansi-regex@2.0.0
224 silly idealTree:prePrune ├── ansi-styles@2.2.1
224 silly idealTree:prePrune ├── anymatch@1.3.0
224 silly idealTree:prePrune ├── ap@0.2.0
224 silly idealTree:prePrune ├── arr-diff@2.0.0
224 silly idealTree:prePrune ├── arr-flatten@1.0.1
224 silly idealTree:prePrune ├── array-flatten@1.1.1
224 silly idealTree:prePrune ├── array-unique@0.2.1
224 silly idealTree:prePrune ├── arrify@1.0.1
224 silly idealTree:prePrune ├── async-each@1.0.0
224 silly idealTree:prePrune ├── async@0.2.10
224 silly idealTree:prePrune ├── balanced-match@0.4.1
224 silly idealTree:prePrune ├── basic-auth@1.0.4
224 silly idealTree:prePrune ├── binary-extensions@1.4.1
224 silly idealTree:prePrune ├── bindings@1.2.1
224 silly idealTree:prePrune ├── bluebird@3.4.1
224 silly idealTree:prePrune ├── body-parser@1.15.2
224 silly idealTree:prePrune ├── brace-expansion@1.1.5
224 silly idealTree:prePrune ├── braces@1.8.5
224 silly idealTree:prePrune ├── buffer-shims@1.0.0
224 silly idealTree:prePrune ├── buffer-writer@1.0.1
224 silly idealTree:prePrune ├── bytes@2.4.0
224 silly idealTree:prePrune ├── camelcase@1.2.1
224 silly idealTree:prePrune ├── chalk@1.1.3
224 silly idealTree:prePrune ├── chokidar@1.6.0
224 silly idealTree:prePrune ├── concat-map@0.0.1
224 silly idealTree:prePrune ├── configstore@1.4.0
224 silly idealTree:prePrune ├── content-disposition@0.5.1
224 silly idealTree:prePrune ├── content-type@1.0.2
224 silly idealTree:prePrune ├── cookie-signature@1.0.6
224 silly idealTree:prePrune ├── cookie@0.3.1
224 silly idealTree:prePrune ├── core-util-is@1.0.2
224 silly idealTree:prePrune ├── debug@2.2.0
224 silly idealTree:prePrune ├── decamelize@1.2.0
224 silly idealTree:prePrune ├── deep-extend@0.4.1
224 silly idealTree:prePrune ├── depd@1.1.0
224 silly idealTree:prePrune ├── destroy@1.0.4
224 silly idealTree:prePrune ├── dottie@1.1.1
224 silly idealTree:prePrune ├── duplexer@0.1.1
224 silly idealTree:prePrune ├─┬ duplexify@3.4.3
224 silly idealTree:prePrune │ ├── isarray@1.0.0
224 silly idealTree:prePrune │ └── readable-stream@2.1.4
224 silly idealTree:prePrune ├── ee-first@1.1.1
224 silly idealTree:prePrune ├── encodeurl@1.0.1
224 silly idealTree:prePrune ├── end-of-stream@1.0.0
224 silly idealTree:prePrune ├── es6-promise@3.2.1
224 silly idealTree:prePrune ├── escape-html@1.0.3
224 silly idealTree:prePrune ├── escape-string-regexp@1.0.5
224 silly idealTree:prePrune ├── etag@1.7.0
224 silly idealTree:prePrune ├─┬ event-stream@3.3.3
224 silly idealTree:prePrune │ └── split@0.3.3
224 silly idealTree:prePrune ├── expand-brackets@0.1.5
224 silly idealTree:prePrune ├── expand-range@1.8.2
224 silly idealTree:prePrune ├── express@4.14.0
224 silly idealTree:prePrune ├── extglob@0.3.2
224 silly idealTree:prePrune ├── filename-regex@2.0.0
224 silly idealTree:prePrune ├── fill-range@2.2.3
224 silly idealTree:prePrune ├── finalhandler@0.5.0
224 silly idealTree:prePrune ├── for-in@0.1.5
224 silly idealTree:prePrune ├── for-own@0.1.4
224 silly idealTree:prePrune ├── forwarded@0.1.0
224 silly idealTree:prePrune ├── fresh@0.3.0
224 silly idealTree:prePrune ├── from@0.1.3
224 silly idealTree:prePrune ├── generic-pool@2.4.2
224 silly idealTree:prePrune ├── glob-base@0.3.0
224 silly idealTree:prePrune ├── glob-parent@2.0.0
224 silly idealTree:prePrune ├─┬ got@3.3.1
224 silly idealTree:prePrune │ └── object-assign@3.0.0
224 silly idealTree:prePrune ├── graceful-fs@4.1.4
224 silly idealTree:prePrune ├── has-ansi@2.0.0
224 silly idealTree:prePrune ├── http-errors@1.5.0
224 silly idealTree:prePrune ├── iconv-lite@0.4.13
224 silly idealTree:prePrune ├── ignore-by-default@1.0.1
224 silly idealTree:prePrune ├── imurmurhash@0.1.4
224 silly idealTree:prePrune ├── infinity-agent@2.0.3
224 silly idealTree:prePrune ├── inflection@1.10.0
224 silly idealTree:prePrune ├── inherits@2.0.1
224 silly idealTree:prePrune ├── ini@1.3.4
224 silly idealTree:prePrune ├── ipaddr.js@1.1.1
224 silly idealTree:prePrune ├── is-binary-path@1.0.1
224 silly idealTree:prePrune ├── is-buffer@1.1.3
224 silly idealTree:prePrune ├── is-dotfile@1.0.2
224 silly idealTree:prePrune ├── is-equal-shallow@0.1.3
224 silly idealTree:prePrune ├── is-extendable@0.1.1
224 silly idealTree:prePrune ├── is-extglob@1.0.0
224 silly idealTree:prePrune ├── is-finite@1.0.1
224 silly idealTree:prePrune ├── is-glob@2.0.1
224 silly idealTree:prePrune ├── is-npm@1.0.0
224 silly idealTree:prePrune ├── is-number@2.1.0
224 silly idealTree:prePrune ├── is-posix-bracket@0.1.1
224 silly idealTree:prePrune ├── is-primitive@2.0.0
224 silly idealTree:prePrune ├── is-redirect@1.0.0
224 silly idealTree:prePrune ├── is-stream@1.1.0
224 silly idealTree:prePrune ├── isarray@0.0.1
224 silly idealTree:prePrune ├─┬ isobject@2.1.0
224 silly idealTree:prePrune │ └── isarray@1.0.0
224 silly idealTree:prePrune ├── kind-of@3.0.3
224 silly idealTree:prePrune ├── latest-version@1.0.1
224 silly idealTree:prePrune ├── libpq@1.8.3
224 silly idealTree:prePrune ├── lodash._baseassign@3.2.0
224 silly idealTree:prePrune ├── lodash._basecopy@3.0.1
224 silly idealTree:prePrune ├── lodash._bindcallback@3.0.1
224 silly idealTree:prePrune ├── lodash._createassigner@3.1.1
224 silly idealTree:prePrune ├── lodash._getnative@3.9.1
224 silly idealTree:prePrune ├── lodash._isiterateecall@3.0.9
224 silly idealTree:prePrune ├── lodash.assign@3.2.0
224 silly idealTree:prePrune ├── lodash.defaults@3.1.2
224 silly idealTree:prePrune ├── lodash.isarguments@3.0.8
224 silly idealTree:prePrune ├── lodash.isarray@3.0.4
224 silly idealTree:prePrune ├── lodash.keys@3.1.2
224 silly idealTree:prePrune ├── lodash.restparam@3.6.1
224 silly idealTree:prePrune ├── lodash@4.12.0
224 silly idealTree:prePrune ├── lowercase-keys@1.0.0
224 silly idealTree:prePrune ├── map-stream@0.1.0
224 silly idealTree:prePrune ├── media-typer@0.3.0
224 silly idealTree:prePrune ├── merge-descriptors@1.0.1
224 silly idealTree:prePrune ├── methods@1.1.2
224 silly idealTree:prePrune ├── micromatch@2.3.10
224 silly idealTree:prePrune ├── mime-db@1.23.0
224 silly idealTree:prePrune ├── mime-types@2.1.11
224 silly idealTree:prePrune ├── mime@1.3.4
224 silly idealTree:prePrune ├── minimatch@3.0.2
224 silly idealTree:prePrune ├── minimist@0.0.10
224 silly idealTree:prePrune ├─┬ mkdirp@0.5.1
224 silly idealTree:prePrune │ └── minimist@0.0.8
224 silly idealTree:prePrune ├── moment-timezone@0.5.4
224 silly idealTree:prePrune ├── moment@2.13.0
224 silly idealTree:prePrune ├── morgan@1.7.0
224 silly idealTree:prePrune ├── ms@0.7.1
224 silly idealTree:prePrune ├── nan@2.3.5
224 silly idealTree:prePrune ├── negotiator@0.6.1
224 silly idealTree:prePrune ├── nested-error-stacks@1.0.2
224 silly idealTree:prePrune ├── node-uuid@1.4.7
224 silly idealTree:prePrune ├── nodemon@1.9.2
224 silly idealTree:prePrune ├── nopt@1.0.10
224 silly idealTree:prePrune ├── normalize-path@2.0.1
224 silly idealTree:prePrune ├── number-is-nan@1.0.0
224 silly idealTree:prePrune ├── object-assign@4.1.0
224 silly idealTree:prePrune ├── object.omit@2.0.0
224 silly idealTree:prePrune ├── on-finished@2.3.0
224 silly idealTree:prePrune ├── on-headers@1.0.1
224 silly idealTree:prePrune ├── once@1.3.3
224 silly idealTree:prePrune ├── optimist@0.6.1
224 silly idealTree:prePrune ├── os-homedir@1.0.1
224 silly idealTree:prePrune ├── os-tmpdir@1.0.1
224 silly idealTree:prePrune ├── osenv@0.1.3
224 silly idealTree:prePrune ├── package-json@1.2.0
224 silly idealTree:prePrune ├── packet-reader@0.2.0
224 silly idealTree:prePrune ├── parse-glob@3.0.4
224 silly idealTree:prePrune ├── parseurl@1.3.1
224 silly idealTree:prePrune ├── path-is-absolute@1.0.0
224 silly idealTree:prePrune ├── path-to-regexp@0.1.7
224 silly idealTree:prePrune ├── pause-stream@0.0.11
224 silly idealTree:prePrune ├── pg-connection-string@0.1.3
224 silly idealTree:prePrune ├─┬ pg-native@1.10.0
224 silly idealTree:prePrune │ └── pg-types@1.6.0
224 silly idealTree:prePrune ├── pg-pool@1.3.0
224 silly idealTree:prePrune ├── pg-types@1.11.0
224 silly idealTree:prePrune ├── pg@6.0.1
224 silly idealTree:prePrune ├── pgpass@0.0.6
224 silly idealTree:prePrune ├── pinkie-promise@2.0.1
224 silly idealTree:prePrune ├── pinkie@2.0.4
224 silly idealTree:prePrune ├── postgres-array@1.0.0
224 silly idealTree:prePrune ├── postgres-bytea@1.0.0
224 silly idealTree:prePrune ├── postgres-date@1.0.2
224 silly idealTree:prePrune ├── postgres-interval@1.0.2
224 silly idealTree:prePrune ├── prepend-http@1.0.4
224 silly idealTree:prePrune ├── preserve@0.2.0
224 silly idealTree:prePrune ├── process-nextick-args@1.0.7
224 silly idealTree:prePrune ├── proxy-addr@1.1.2
224 silly idealTree:prePrune ├── ps-tree@1.1.0
224 silly idealTree:prePrune ├── qs@6.2.0
224 silly idealTree:prePrune ├── randomatic@1.1.5
224 silly idealTree:prePrune ├── range-parser@1.2.0
224 silly idealTree:prePrune ├── raw-body@2.1.7
224 silly idealTree:prePrune ├─┬ rc@1.1.6
224 silly idealTree:prePrune │ └── minimist@1.2.0
224 silly idealTree:prePrune ├─┬ read-all-stream@3.1.0
224 silly idealTree:prePrune │ ├── isarray@1.0.0
224 silly idealTree:prePrune │ └── readable-stream@2.1.4
224 silly idealTree:prePrune ├── readable-stream@1.0.31
224 silly idealTree:prePrune ├─┬ readdirp@2.1.0
224 silly idealTree:prePrune │ ├── isarray@1.0.0
224 silly idealTree:prePrune │ └── readable-stream@2.1.4
224 silly idealTree:prePrune ├── regex-cache@0.4.3
224 silly idealTree:prePrune ├── registry-url@3.1.0
224 silly idealTree:prePrune ├── repeat-element@1.1.2
224 silly idealTree:prePrune ├── repeat-string@1.5.4
224 silly idealTree:prePrune ├── repeating@1.1.3
224 silly idealTree:prePrune ├── retry-as-promised@2.0.1
224 silly idealTree:prePrune ├─┬ semver-diff@2.1.0
224 silly idealTree:prePrune │ └── semver@5.1.1
224 silly idealTree:prePrune ├── semver@4.3.2
224 silly idealTree:prePrune ├── send@0.14.1
224 silly idealTree:prePrune ├─┬ sequelize@3.23.4
224 silly idealTree:prePrune │ └── semver@5.1.1
224 silly idealTree:prePrune ├── serve-static@1.11.1
224 silly idealTree:prePrune ├── set-immediate-shim@1.0.1
224 silly idealTree:prePrune ├── setprototypeof@1.0.1
224 silly idealTree:prePrune ├── shimmer@1.1.0
224 silly idealTree:prePrune ├── slide@1.1.6
224 silly idealTree:prePrune ├── source-map@0.1.34
224 silly idealTree:prePrune ├── split@1.0.0
224 silly idealTree:prePrune ├── statuses@1.3.0
224 silly idealTree:prePrune ├── stream-combiner@0.0.4
224 silly idealTree:prePrune ├── string_decoder@0.10.31
224 silly idealTree:prePrune ├── string-length@1.0.1
224 silly idealTree:prePrune ├── strip-ansi@3.0.1
224 silly idealTree:prePrune ├── strip-json-comments@1.0.4
224 silly idealTree:prePrune ├── supports-color@2.0.0
224 silly idealTree:prePrune ├── swig@1.4.2
224 silly idealTree:prePrune ├── terraformer-wkt-parser@1.1.0
224 silly idealTree:prePrune ├── terraformer@1.0.5
224 silly idealTree:prePrune ├── through@2.3.8
224 silly idealTree:prePrune ├── timed-out@2.0.0
224 silly idealTree:prePrune ├── toposort-class@1.0.1
224 silly idealTree:prePrune ├── touch@1.0.0
224 silly idealTree:prePrune ├── type-is@1.6.13
224 silly idealTree:prePrune ├── uglify-js@2.4.24
224 silly idealTree:prePrune ├── uglify-to-browserify@1.0.2
224 silly idealTree:prePrune ├── undefsafe@0.0.3
224 silly idealTree:prePrune ├── unpipe@1.0.0
224 silly idealTree:prePrune ├── update-notifier@0.5.0
224 silly idealTree:prePrune ├── util-deprecate@1.0.2
224 silly idealTree:prePrune ├── utils-merge@1.0.0
224 silly idealTree:prePrune ├── uuid@2.0.2
224 silly idealTree:prePrune ├── validator@5.4.0
224 silly idealTree:prePrune ├── vary@1.1.0
224 silly idealTree:prePrune ├── window-size@0.1.0
224 silly idealTree:prePrune ├── wkx@0.2.0
224 silly idealTree:prePrune ├── wordwrap@0.0.3
224 silly idealTree:prePrune ├── wrappy@1.0.2
224 silly idealTree:prePrune ├── write-file-atomic@1.1.4
224 silly idealTree:prePrune ├── xdg-basedir@2.0.0
224 silly idealTree:prePrune ├── xtend@4.0.1
224 silly idealTree:prePrune └─┬ yargs@3.5.4
224 silly idealTree:prePrune   └── wordwrap@0.0.2
225 silly loadIdealTree Finishing
226 silly currentTree trip@1.0.0
226 silly currentTree ├── abbrev@1.0.9
226 silly currentTree ├── accepts@1.3.3
226 silly currentTree ├── amdefine@1.0.0
226 silly currentTree ├── ansi-regex@2.0.0
226 silly currentTree ├── ansi-styles@2.2.1
226 silly currentTree ├── anymatch@1.3.0
226 silly currentTree ├── ap@0.2.0
226 silly currentTree ├── arr-diff@2.0.0
226 silly currentTree ├── arr-flatten@1.0.1
226 silly currentTree ├── array-flatten@1.1.1
226 silly currentTree ├── array-unique@0.2.1
226 silly currentTree ├── arrify@1.0.1
226 silly currentTree ├── async-each@1.0.0
226 silly currentTree ├── async@0.2.10
226 silly currentTree ├── balanced-match@0.4.1
226 silly currentTree ├── basic-auth@1.0.4
226 silly currentTree ├── binary-extensions@1.4.1
226 silly currentTree ├── bluebird@3.4.1
226 silly currentTree ├── body-parser@1.15.2
226 silly currentTree ├── brace-expansion@1.1.5
226 silly currentTree ├── braces@1.8.5
226 silly currentTree ├── buffer-shims@1.0.0
226 silly currentTree ├── buffer-writer@1.0.1
226 silly currentTree ├── bytes@2.4.0
226 silly currentTree ├── camelcase@1.2.1
226 silly currentTree ├── chalk@1.1.3
226 silly currentTree ├── chokidar@1.6.0
226 silly currentTree ├── concat-map@0.0.1
226 silly currentTree ├── configstore@1.4.0
226 silly currentTree ├── content-disposition@0.5.1
226 silly currentTree ├── content-type@1.0.2
226 silly currentTree ├── cookie-signature@1.0.6
226 silly currentTree ├── cookie@0.3.1
226 silly currentTree ├── core-util-is@1.0.2
226 silly currentTree ├── debug@2.2.0
226 silly currentTree ├── decamelize@1.2.0
226 silly currentTree ├── deep-extend@0.4.1
226 silly currentTree ├── depd@1.1.0
226 silly currentTree ├── destroy@1.0.4
226 silly currentTree ├── dottie@1.1.1
226 silly currentTree ├── duplexer@0.1.1
226 silly currentTree ├─┬ duplexify@3.4.3
226 silly currentTree │ ├── isarray@1.0.0
226 silly currentTree │ └── readable-stream@2.1.4
226 silly currentTree ├── ee-first@1.1.1
226 silly currentTree ├── encodeurl@1.0.1
226 silly currentTree ├── end-of-stream@1.0.0
226 silly currentTree ├── es6-promise@3.2.1
226 silly currentTree ├── escape-html@1.0.3
226 silly currentTree ├── escape-string-regexp@1.0.5
226 silly currentTree ├── etag@1.7.0
226 silly currentTree ├─┬ event-stream@3.3.3
226 silly currentTree │ └── split@0.3.3
226 silly currentTree ├── expand-brackets@0.1.5
226 silly currentTree ├── expand-range@1.8.2
226 silly currentTree ├── express@4.14.0
226 silly currentTree ├── extglob@0.3.2
226 silly currentTree ├── filename-regex@2.0.0
226 silly currentTree ├── fill-range@2.2.3
226 silly currentTree ├── finalhandler@0.5.0
226 silly currentTree ├── for-in@0.1.5
226 silly currentTree ├── for-own@0.1.4
226 silly currentTree ├── forwarded@0.1.0
226 silly currentTree ├── fresh@0.3.0
226 silly currentTree ├── from@0.1.3
226 silly currentTree ├── generic-pool@2.4.2
226 silly currentTree ├── glob-base@0.3.0
226 silly currentTree ├── glob-parent@2.0.0
226 silly currentTree ├─┬ got@3.3.1
226 silly currentTree │ └── object-assign@3.0.0
226 silly currentTree ├── graceful-fs@4.1.4
226 silly currentTree ├── has-ansi@2.0.0
226 silly currentTree ├── http-errors@1.5.0
226 silly currentTree ├── iconv-lite@0.4.13
226 silly currentTree ├── ignore-by-default@1.0.1
226 silly currentTree ├── imurmurhash@0.1.4
226 silly currentTree ├── infinity-agent@2.0.3
226 silly currentTree ├── inflection@1.10.0
226 silly currentTree ├── inherits@2.0.1
226 silly currentTree ├── ini@1.3.4
226 silly currentTree ├── ipaddr.js@1.1.1
226 silly currentTree ├── is-binary-path@1.0.1
226 silly currentTree ├── is-buffer@1.1.3
226 silly currentTree ├── is-dotfile@1.0.2
226 silly currentTree ├── is-equal-shallow@0.1.3
226 silly currentTree ├── is-extendable@0.1.1
226 silly currentTree ├── is-extglob@1.0.0
226 silly currentTree ├── is-finite@1.0.1
226 silly currentTree ├── is-glob@2.0.1
226 silly currentTree ├── is-npm@1.0.0
226 silly currentTree ├── is-number@2.1.0
226 silly currentTree ├── is-posix-bracket@0.1.1
226 silly currentTree ├── is-primitive@2.0.0
226 silly currentTree ├── is-redirect@1.0.0
226 silly currentTree ├── is-stream@1.1.0
226 silly currentTree ├── isarray@0.0.1
226 silly currentTree ├─┬ isobject@2.1.0
226 silly currentTree │ └── isarray@1.0.0
226 silly currentTree ├── kind-of@3.0.3
226 silly currentTree ├── latest-version@1.0.1
226 silly currentTree ├── lodash._baseassign@3.2.0
226 silly currentTree ├── lodash._basecopy@3.0.1
226 silly currentTree ├── lodash._bindcallback@3.0.1
226 silly currentTree ├── lodash._createassigner@3.1.1
226 silly currentTree ├── lodash._getnative@3.9.1
226 silly currentTree ├── lodash._isiterateecall@3.0.9
226 silly currentTree ├── lodash.assign@3.2.0
226 silly currentTree ├── lodash.defaults@3.1.2
226 silly currentTree ├── lodash.isarguments@3.0.8
226 silly currentTree ├── lodash.isarray@3.0.4
226 silly currentTree ├── lodash.keys@3.1.2
226 silly currentTree ├── lodash.restparam@3.6.1
226 silly currentTree ├── lodash@4.12.0
226 silly currentTree ├── lowercase-keys@1.0.0
226 silly currentTree ├── map-stream@0.1.0
226 silly currentTree ├── media-typer@0.3.0
226 silly currentTree ├── merge-descriptors@1.0.1
226 silly currentTree ├── methods@1.1.2
226 silly currentTree ├── micromatch@2.3.10
226 silly currentTree ├── mime-db@1.23.0
226 silly currentTree ├── mime-types@2.1.11
226 silly currentTree ├── mime@1.3.4
226 silly currentTree ├── minimatch@3.0.2
226 silly currentTree ├── minimist@0.0.10
226 silly currentTree ├─┬ mkdirp@0.5.1
226 silly currentTree │ └── minimist@0.0.8
226 silly currentTree ├── moment-timezone@0.5.4
226 silly currentTree ├── moment@2.13.0
226 silly currentTree ├── morgan@1.7.0
226 silly currentTree ├── ms@0.7.1
226 silly currentTree ├── negotiator@0.6.1
226 silly currentTree ├── nested-error-stacks@1.0.2
226 silly currentTree ├── node-uuid@1.4.7
226 silly currentTree ├── nodemon@1.9.2
226 silly currentTree ├── nopt@1.0.10
226 silly currentTree ├── normalize-path@2.0.1
226 silly currentTree ├── number-is-nan@1.0.0
226 silly currentTree ├── object-assign@4.1.0
226 silly currentTree ├── object.omit@2.0.0
226 silly currentTree ├── on-finished@2.3.0
226 silly currentTree ├── on-headers@1.0.1
226 silly currentTree ├── once@1.3.3
226 silly currentTree ├── optimist@0.6.1
226 silly currentTree ├── os-homedir@1.0.1
226 silly currentTree ├── os-tmpdir@1.0.1
226 silly currentTree ├── osenv@0.1.3
226 silly currentTree ├── package-json@1.2.0
226 silly currentTree ├── packet-reader@0.2.0
226 silly currentTree ├── parse-glob@3.0.4
226 silly currentTree ├── parseurl@1.3.1
226 silly currentTree ├── path-is-absolute@1.0.0
226 silly currentTree ├── path-to-regexp@0.1.7
226 silly currentTree ├── pause-stream@0.0.11
226 silly currentTree ├── pg-connection-string@0.1.3
226 silly currentTree ├── pg-pool@1.3.0
226 silly currentTree ├── pg-types@1.11.0
226 silly currentTree ├── pg@6.0.1
226 silly currentTree ├── pgpass@0.0.6
226 silly currentTree ├── pinkie-promise@2.0.1
226 silly currentTree ├── pinkie@2.0.4
226 silly currentTree ├── postgres-array@1.0.0
226 silly currentTree ├── postgres-bytea@1.0.0
226 silly currentTree ├── postgres-date@1.0.2
226 silly currentTree ├── postgres-interval@1.0.2
226 silly currentTree ├── prepend-http@1.0.4
226 silly currentTree ├── preserve@0.2.0
226 silly currentTree ├── process-nextick-args@1.0.7
226 silly currentTree ├── proxy-addr@1.1.2
226 silly currentTree ├── ps-tree@1.1.0
226 silly currentTree ├── qs@6.2.0
226 silly currentTree ├── randomatic@1.1.5
226 silly currentTree ├── range-parser@1.2.0
226 silly currentTree ├── raw-body@2.1.7
226 silly currentTree ├─┬ rc@1.1.6
226 silly currentTree │ └── minimist@1.2.0
226 silly currentTree ├─┬ read-all-stream@3.1.0
226 silly currentTree │ ├── isarray@1.0.0
226 silly currentTree │ └── readable-stream@2.1.4
226 silly currentTree ├── readable-stream@1.0.31
226 silly currentTree ├─┬ readdirp@2.1.0
226 silly currentTree │ ├── isarray@1.0.0
226 silly currentTree │ └── readable-stream@2.1.4
226 silly currentTree ├── regex-cache@0.4.3
226 silly currentTree ├── registry-url@3.1.0
226 silly currentTree ├── repeat-element@1.1.2
226 silly currentTree ├── repeat-string@1.5.4
226 silly currentTree ├── repeating@1.1.3
226 silly currentTree ├── retry-as-promised@2.0.1
226 silly currentTree ├─┬ semver-diff@2.1.0
226 silly currentTree │ └── semver@5.1.1
226 silly currentTree ├── semver@4.3.2
226 silly currentTree ├── send@0.14.1
226 silly currentTree ├─┬ sequelize@3.23.4
226 silly currentTree │ └── semver@5.1.1
226 silly currentTree ├── serve-static@1.11.1
226 silly currentTree ├── set-immediate-shim@1.0.1
226 silly currentTree ├── setprototypeof@1.0.1
226 silly currentTree ├── shimmer@1.1.0
226 silly currentTree ├── slide@1.1.6
226 silly currentTree ├── source-map@0.1.34
226 silly currentTree ├── split@1.0.0
226 silly currentTree ├── statuses@1.3.0
226 silly currentTree ├── stream-combiner@0.0.4
226 silly currentTree ├── string_decoder@0.10.31
226 silly currentTree ├── string-length@1.0.1
226 silly currentTree ├── strip-ansi@3.0.1
226 silly currentTree ├── strip-json-comments@1.0.4
226 silly currentTree ├── supports-color@2.0.0
226 silly currentTree ├── swig@1.4.2
226 silly currentTree ├── terraformer-wkt-parser@1.1.0
226 silly currentTree ├── terraformer@1.0.5
226 silly currentTree ├── through@2.3.8
226 silly currentTree ├── timed-out@2.0.0
226 silly currentTree ├── toposort-class@1.0.1
226 silly currentTree ├── touch@1.0.0
226 silly currentTree ├── type-is@1.6.13
226 silly currentTree ├── uglify-js@2.4.24
226 silly currentTree ├── uglify-to-browserify@1.0.2
226 silly currentTree ├── undefsafe@0.0.3
226 silly currentTree ├── unpipe@1.0.0
226 silly currentTree ├── update-notifier@0.5.0
226 silly currentTree ├── util-deprecate@1.0.2
226 silly currentTree ├── utils-merge@1.0.0
226 silly currentTree ├── uuid@2.0.2
226 silly currentTree ├── validator@5.4.0
226 silly currentTree ├── vary@1.1.0
226 silly currentTree ├── window-size@0.1.0
226 silly currentTree ├── wkx@0.2.0
226 silly currentTree ├── wordwrap@0.0.3
226 silly currentTree ├── wrappy@1.0.2
226 silly currentTree ├── write-file-atomic@1.1.4
226 silly currentTree ├── xdg-basedir@2.0.0
226 silly currentTree ├── xtend@4.0.1
226 silly currentTree └─┬ yargs@3.5.4
226 silly currentTree   └── wordwrap@0.0.2
227 silly idealTree trip@1.0.0
227 silly idealTree ├── abbrev@1.0.9
227 silly idealTree ├── accepts@1.3.3
227 silly idealTree ├── amdefine@1.0.0
227 silly idealTree ├── ansi-regex@2.0.0
227 silly idealTree ├── ansi-styles@2.2.1
227 silly idealTree ├── anymatch@1.3.0
227 silly idealTree ├── ap@0.2.0
227 silly idealTree ├── arr-diff@2.0.0
227 silly idealTree ├── arr-flatten@1.0.1
227 silly idealTree ├── array-flatten@1.1.1
227 silly idealTree ├── array-unique@0.2.1
227 silly idealTree ├── arrify@1.0.1
227 silly idealTree ├── async-each@1.0.0
227 silly idealTree ├── async@0.2.10
227 silly idealTree ├── balanced-match@0.4.1
227 silly idealTree ├── basic-auth@1.0.4
227 silly idealTree ├── binary-extensions@1.4.1
227 silly idealTree ├── bindings@1.2.1
227 silly idealTree ├── bluebird@3.4.1
227 silly idealTree ├── body-parser@1.15.2
227 silly idealTree ├── brace-expansion@1.1.5
227 silly idealTree ├── braces@1.8.5
227 silly idealTree ├── buffer-shims@1.0.0
227 silly idealTree ├── buffer-writer@1.0.1
227 silly idealTree ├── bytes@2.4.0
227 silly idealTree ├── camelcase@1.2.1
227 silly idealTree ├── chalk@1.1.3
227 silly idealTree ├── chokidar@1.6.0
227 silly idealTree ├── concat-map@0.0.1
227 silly idealTree ├── configstore@1.4.0
227 silly idealTree ├── content-disposition@0.5.1
227 silly idealTree ├── content-type@1.0.2
227 silly idealTree ├── cookie-signature@1.0.6
227 silly idealTree ├── cookie@0.3.1
227 silly idealTree ├── core-util-is@1.0.2
227 silly idealTree ├── debug@2.2.0
227 silly idealTree ├── decamelize@1.2.0
227 silly idealTree ├── deep-extend@0.4.1
227 silly idealTree ├── depd@1.1.0
227 silly idealTree ├── destroy@1.0.4
227 silly idealTree ├── dottie@1.1.1
227 silly idealTree ├── duplexer@0.1.1
227 silly idealTree ├─┬ duplexify@3.4.3
227 silly idealTree │ ├── isarray@1.0.0
227 silly idealTree │ └── readable-stream@2.1.4
227 silly idealTree ├── ee-first@1.1.1
227 silly idealTree ├── encodeurl@1.0.1
227 silly idealTree ├── end-of-stream@1.0.0
227 silly idealTree ├── es6-promise@3.2.1
227 silly idealTree ├── escape-html@1.0.3
227 silly idealTree ├── escape-string-regexp@1.0.5
227 silly idealTree ├── etag@1.7.0
227 silly idealTree ├─┬ event-stream@3.3.3
227 silly idealTree │ └── split@0.3.3
227 silly idealTree ├── expand-brackets@0.1.5
227 silly idealTree ├── expand-range@1.8.2
227 silly idealTree ├── express@4.14.0
227 silly idealTree ├── extglob@0.3.2
227 silly idealTree ├── filename-regex@2.0.0
227 silly idealTree ├── fill-range@2.2.3
227 silly idealTree ├── finalhandler@0.5.0
227 silly idealTree ├── for-in@0.1.5
227 silly idealTree ├── for-own@0.1.4
227 silly idealTree ├── forwarded@0.1.0
227 silly idealTree ├── fresh@0.3.0
227 silly idealTree ├── from@0.1.3
227 silly idealTree ├── generic-pool@2.4.2
227 silly idealTree ├── glob-base@0.3.0
227 silly idealTree ├── glob-parent@2.0.0
227 silly idealTree ├─┬ got@3.3.1
227 silly idealTree │ └── object-assign@3.0.0
227 silly idealTree ├── graceful-fs@4.1.4
227 silly idealTree ├── has-ansi@2.0.0
227 silly idealTree ├── http-errors@1.5.0
227 silly idealTree ├── iconv-lite@0.4.13
227 silly idealTree ├── ignore-by-default@1.0.1
227 silly idealTree ├── imurmurhash@0.1.4
227 silly idealTree ├── infinity-agent@2.0.3
227 silly idealTree ├── inflection@1.10.0
227 silly idealTree ├── inherits@2.0.1
227 silly idealTree ├── ini@1.3.4
227 silly idealTree ├── ipaddr.js@1.1.1
227 silly idealTree ├── is-binary-path@1.0.1
227 silly idealTree ├── is-buffer@1.1.3
227 silly idealTree ├── is-dotfile@1.0.2
227 silly idealTree ├── is-equal-shallow@0.1.3
227 silly idealTree ├── is-extendable@0.1.1
227 silly idealTree ├── is-extglob@1.0.0
227 silly idealTree ├── is-finite@1.0.1
227 silly idealTree ├── is-glob@2.0.1
227 silly idealTree ├── is-npm@1.0.0
227 silly idealTree ├── is-number@2.1.0
227 silly idealTree ├── is-posix-bracket@0.1.1
227 silly idealTree ├── is-primitive@2.0.0
227 silly idealTree ├── is-redirect@1.0.0
227 silly idealTree ├── is-stream@1.1.0
227 silly idealTree ├── isarray@0.0.1
227 silly idealTree ├─┬ isobject@2.1.0
227 silly idealTree │ └── isarray@1.0.0
227 silly idealTree ├── kind-of@3.0.3
227 silly idealTree ├── latest-version@1.0.1
227 silly idealTree ├── libpq@1.8.3
227 silly idealTree ├── lodash._baseassign@3.2.0
227 silly idealTree ├── lodash._basecopy@3.0.1
227 silly idealTree ├── lodash._bindcallback@3.0.1
227 silly idealTree ├── lodash._createassigner@3.1.1
227 silly idealTree ├── lodash._getnative@3.9.1
227 silly idealTree ├── lodash._isiterateecall@3.0.9
227 silly idealTree ├── lodash.assign@3.2.0
227 silly idealTree ├── lodash.defaults@3.1.2
227 silly idealTree ├── lodash.isarguments@3.0.8
227 silly idealTree ├── lodash.isarray@3.0.4
227 silly idealTree ├── lodash.keys@3.1.2
227 silly idealTree ├── lodash.restparam@3.6.1
227 silly idealTree ├── lodash@4.12.0
227 silly idealTree ├── lowercase-keys@1.0.0
227 silly idealTree ├── map-stream@0.1.0
227 silly idealTree ├── media-typer@0.3.0
227 silly idealTree ├── merge-descriptors@1.0.1
227 silly idealTree ├── methods@1.1.2
227 silly idealTree ├── micromatch@2.3.10
227 silly idealTree ├── mime-db@1.23.0
227 silly idealTree ├── mime-types@2.1.11
227 silly idealTree ├── mime@1.3.4
227 silly idealTree ├── minimatch@3.0.2
227 silly idealTree ├── minimist@0.0.10
227 silly idealTree ├─┬ mkdirp@0.5.1
227 silly idealTree │ └── minimist@0.0.8
227 silly idealTree ├── moment-timezone@0.5.4
227 silly idealTree ├── moment@2.13.0
227 silly idealTree ├── morgan@1.7.0
227 silly idealTree ├── ms@0.7.1
227 silly idealTree ├── nan@2.3.5
227 silly idealTree ├── negotiator@0.6.1
227 silly idealTree ├── nested-error-stacks@1.0.2
227 silly idealTree ├── node-uuid@1.4.7
227 silly idealTree ├── nodemon@1.9.2
227 silly idealTree ├── nopt@1.0.10
227 silly idealTree ├── normalize-path@2.0.1
227 silly idealTree ├── number-is-nan@1.0.0
227 silly idealTree ├── object-assign@4.1.0
227 silly idealTree ├── object.omit@2.0.0
227 silly idealTree ├── on-finished@2.3.0
227 silly idealTree ├── on-headers@1.0.1
227 silly idealTree ├── once@1.3.3
227 silly idealTree ├── optimist@0.6.1
227 silly idealTree ├── os-homedir@1.0.1
227 silly idealTree ├── os-tmpdir@1.0.1
227 silly idealTree ├── osenv@0.1.3
227 silly idealTree ├── package-json@1.2.0
227 silly idealTree ├── packet-reader@0.2.0
227 silly idealTree ├── parse-glob@3.0.4
227 silly idealTree ├── parseurl@1.3.1
227 silly idealTree ├── path-is-absolute@1.0.0
227 silly idealTree ├── path-to-regexp@0.1.7
227 silly idealTree ├── pause-stream@0.0.11
227 silly idealTree ├── pg-connection-string@0.1.3
227 silly idealTree ├─┬ pg-native@1.10.0
227 silly idealTree │ └── pg-types@1.6.0
227 silly idealTree ├── pg-pool@1.3.0
227 silly idealTree ├── pg-types@1.11.0
227 silly idealTree ├── pg@6.0.1
227 silly idealTree ├── pgpass@0.0.6
227 silly idealTree ├── pinkie-promise@2.0.1
227 silly idealTree ├── pinkie@2.0.4
227 silly idealTree ├── postgres-array@1.0.0
227 silly idealTree ├── postgres-bytea@1.0.0
227 silly idealTree ├── postgres-date@1.0.2
227 silly idealTree ├── postgres-interval@1.0.2
227 silly idealTree ├── prepend-http@1.0.4
227 silly idealTree ├── preserve@0.2.0
227 silly idealTree ├── process-nextick-args@1.0.7
227 silly idealTree ├── proxy-addr@1.1.2
227 silly idealTree ├── ps-tree@1.1.0
227 silly idealTree ├── qs@6.2.0
227 silly idealTree ├── randomatic@1.1.5
227 silly idealTree ├── range-parser@1.2.0
227 silly idealTree ├── raw-body@2.1.7
227 silly idealTree ├─┬ rc@1.1.6
227 silly idealTree │ └── minimist@1.2.0
227 silly idealTree ├─┬ read-all-stream@3.1.0
227 silly idealTree │ ├── isarray@1.0.0
227 silly idealTree │ └── readable-stream@2.1.4
227 silly idealTree ├── readable-stream@1.0.31
227 silly idealTree ├─┬ readdirp@2.1.0
227 silly idealTree │ ├── isarray@1.0.0
227 silly idealTree │ └── readable-stream@2.1.4
227 silly idealTree ├── regex-cache@0.4.3
227 silly idealTree ├── registry-url@3.1.0
227 silly idealTree ├── repeat-element@1.1.2
227 silly idealTree ├── repeat-string@1.5.4
227 silly idealTree ├── repeating@1.1.3
227 silly idealTree ├── retry-as-promised@2.0.1
227 silly idealTree ├─┬ semver-diff@2.1.0
227 silly idealTree │ └── semver@5.1.1
227 silly idealTree ├── semver@4.3.2
227 silly idealTree ├── send@0.14.1
227 silly idealTree ├─┬ sequelize@3.23.4
227 silly idealTree │ └── semver@5.1.1
227 silly idealTree ├── serve-static@1.11.1
227 silly idealTree ├── set-immediate-shim@1.0.1
227 silly idealTree ├── setprototypeof@1.0.1
227 silly idealTree ├── shimmer@1.1.0
227 silly idealTree ├── slide@1.1.6
227 silly idealTree ├── source-map@0.1.34
227 silly idealTree ├── split@1.0.0
227 silly idealTree ├── statuses@1.3.0
227 silly idealTree ├── stream-combiner@0.0.4
227 silly idealTree ├── string_decoder@0.10.31
227 silly idealTree ├── string-length@1.0.1
227 silly idealTree ├── strip-ansi@3.0.1
227 silly idealTree ├── strip-json-comments@1.0.4
227 silly idealTree ├── supports-color@2.0.0
227 silly idealTree ├── swig@1.4.2
227 silly idealTree ├── terraformer-wkt-parser@1.1.0
227 silly idealTree ├── terraformer@1.0.5
227 silly idealTree ├── through@2.3.8
227 silly idealTree ├── timed-out@2.0.0
227 silly idealTree ├── toposort-class@1.0.1
227 silly idealTree ├── touch@1.0.0
227 silly idealTree ├── type-is@1.6.13
227 silly idealTree ├── uglify-js@2.4.24
227 silly idealTree ├── uglify-to-browserify@1.0.2
227 silly idealTree ├── undefsafe@0.0.3
227 silly idealTree ├── unpipe@1.0.0
227 silly idealTree ├── update-notifier@0.5.0
227 silly idealTree ├── util-deprecate@1.0.2
227 silly idealTree ├── utils-merge@1.0.0
227 silly idealTree ├── uuid@2.0.2
227 silly idealTree ├── validator@5.4.0
227 silly idealTree ├── vary@1.1.0
227 silly idealTree ├── window-size@0.1.0
227 silly idealTree ├── wkx@0.2.0
227 silly idealTree ├── wordwrap@0.0.3
227 silly idealTree ├── wrappy@1.0.2
227 silly idealTree ├── write-file-atomic@1.1.4
227 silly idealTree ├── xdg-basedir@2.0.0
227 silly idealTree ├── xtend@4.0.1
227 silly idealTree └─┬ yargs@3.5.4
227 silly idealTree   └── wordwrap@0.0.2
228 silly generateActionsToTake Starting
229 silly install generateActionsToTake
230 silly generateActionsToTake Finishing
231 silly diffTrees action count 5
232 silly diffTrees add bindings@1.2.1
233 silly diffTrees add nan@2.3.5
234 silly diffTrees add libpq@1.8.3
235 silly diffTrees add pg-types@1.6.0
236 silly diffTrees add pg-native@1.10.0
237 silly decomposeActions action count 40
238 silly decomposeActions fetch bindings@1.2.1
239 silly decomposeActions extract bindings@1.2.1
240 silly decomposeActions test bindings@1.2.1
241 silly decomposeActions preinstall bindings@1.2.1
242 silly decomposeActions build bindings@1.2.1
243 silly decomposeActions install bindings@1.2.1
244 silly decomposeActions postinstall bindings@1.2.1
245 silly decomposeActions finalize bindings@1.2.1
246 silly decomposeActions fetch nan@2.3.5
247 silly decomposeActions extract nan@2.3.5
248 silly decomposeActions test nan@2.3.5
249 silly decomposeActions preinstall nan@2.3.5
250 silly decomposeActions build nan@2.3.5
251 silly decomposeActions install nan@2.3.5
252 silly decomposeActions postinstall nan@2.3.5
253 silly decomposeActions finalize nan@2.3.5
254 silly decomposeActions fetch libpq@1.8.3
255 silly decomposeActions extract libpq@1.8.3
256 silly decomposeActions test libpq@1.8.3
257 silly decomposeActions preinstall libpq@1.8.3
258 silly decomposeActions build libpq@1.8.3
259 silly decomposeActions install libpq@1.8.3
260 silly decomposeActions postinstall libpq@1.8.3
261 silly decomposeActions finalize libpq@1.8.3
262 silly decomposeActions fetch pg-types@1.6.0
263 silly decomposeActions extract pg-types@1.6.0
264 silly decomposeActions test pg-types@1.6.0
265 silly decomposeActions preinstall pg-types@1.6.0
266 silly decomposeActions build pg-types@1.6.0
267 silly decomposeActions install pg-types@1.6.0
268 silly decomposeActions postinstall pg-types@1.6.0
269 silly decomposeActions finalize pg-types@1.6.0
270 silly decomposeActions fetch pg-native@1.10.0
271 silly decomposeActions extract pg-native@1.10.0
272 silly decomposeActions test pg-native@1.10.0
273 silly decomposeActions preinstall pg-native@1.10.0
274 silly decomposeActions build pg-native@1.10.0
275 silly decomposeActions install pg-native@1.10.0
276 silly decomposeActions postinstall pg-native@1.10.0
277 silly decomposeActions finalize pg-native@1.10.0
278 silly executeActions Starting
279 silly install executeActions
280 silly doSerial global-install 0
281 silly doParallel fetch 5
282 verbose correctMkdir /home/barry/.npm/_locks correctMkdir not in flight; initializing
283 verbose lock using /home/barry/.npm/_locks/staging-f8a385b466996248.lock for /home/barry/tripPlannerStatic/Desktop/Bootcamp/week4/tripPlanner/trip/node_modules/.staging
284 silly doParallel extract 5
285 silly extract bindings@1.2.1
286 silly extract nan@2.3.5
287 silly extract libpq@1.8.3
288 silly extract pg-types@1.6.0
289 silly extract pg-native@1.10.0
290 verbose unbuild node_modules/.staging/bindings-334df0f4
291 verbose unbuild node_modules/.staging/nan-4cf656f4
292 verbose unbuild node_modules/.staging/pg-types-70a62286
293 verbose unbuild node_modules/.staging/libpq-2da4d4b7
294 verbose unbuild node_modules/.staging/pg-native-a45c0861
295 silly gentlyRm /home/barry/tripPlannerStatic/Desktop/Bootcamp/week4/tripPlanner/trip/node_modules/.staging/bindings-334df0f4 is being purged from base /home/barry/tripPlannerStatic/Desktop/Bootcamp/week4/tripPlanner/trip
296 verbose gentlyRm don't care about contents; nuking /home/barry/tripPlannerStatic/Desktop/Bootcamp/week4/tripPlanner/trip/node_modules/.staging/bindings-334df0f4
297 silly gentlyRm /home/barry/tripPlannerStatic/Desktop/Bootcamp/week4/tripPlanner/trip/node_modules/.staging/nan-4cf656f4 is being purged from base /home/barry/tripPlannerStatic/Desktop/Bootcamp/week4/tripPlanner/trip
298 verbose gentlyRm don't care about contents; nuking /home/barry/tripPlannerStatic/Desktop/Bootcamp/week4/tripPlanner/trip/node_modules/.staging/nan-4cf656f4
299 silly gentlyRm /home/barry/tripPlannerStatic/Desktop/Bootcamp/week4/tripPlanner/trip/node_modules/.staging/pg-types-70a62286 is being purged from base /home/barry/tripPlannerStatic/Desktop/Bootcamp/week4/tripPlanner/trip
300 verbose gentlyRm don't care about contents; nuking /home/barry/tripPlannerStatic/Desktop/Bootcamp/week4/tripPlanner/trip/node_modules/.staging/pg-types-70a62286
301 silly gentlyRm /home/barry/tripPlannerStatic/Desktop/Bootcamp/week4/tripPlanner/trip/node_modules/.staging/libpq-2da4d4b7 is being purged from base /home/barry/tripPlannerStatic/Desktop/Bootcamp/week4/tripPlanner/trip
302 verbose gentlyRm don't care about contents; nuking /home/barry/tripPlannerStatic/Desktop/Bootcamp/week4/tripPlanner/trip/node_modules/.staging/libpq-2da4d4b7
303 silly gentlyRm /home/barry/tripPlannerStatic/Desktop/Bootcamp/week4/tripPlanner/trip/node_modules/.staging/pg-native-a45c0861 is being purged from base /home/barry/tripPlannerStatic/Desktop/Bootcamp/week4/tripPlanner/trip
304 verbose gentlyRm don't care about contents; nuking /home/barry/tripPlannerStatic/Desktop/Bootcamp/week4/tripPlanner/trip/node_modules/.staging/pg-native-a45c0861
305 verbose tar unpack /home/barry/.npm/bindings/1.2.1/package.tgz
306 verbose tar unpacking to /home/barry/tripPlannerStatic/Desktop/Bootcamp/week4/tripPlanner/trip/node_modules/.staging/bindings-334df0f4
307 silly gentlyRm /home/barry/tripPlannerStatic/Desktop/Bootcamp/week4/tripPlanner/trip/node_modules/.staging/bindings-334df0f4 is being purged
308 verbose gentlyRm don't care about contents; nuking /home/barry/tripPlannerStatic/Desktop/Bootcamp/week4/tripPlanner/trip/node_modules/.staging/bindings-334df0f4
309 verbose tar unpack /home/barry/.npm/nan/2.3.5/package.tgz
310 verbose tar unpacking to /home/barry/tripPlannerStatic/Desktop/Bootcamp/week4/tripPlanner/trip/node_modules/.staging/nan-4cf656f4
311 silly gentlyRm /home/barry/tripPlannerStatic/Desktop/Bootcamp/week4/tripPlanner/trip/node_modules/.staging/nan-4cf656f4 is being purged
312 verbose gentlyRm don't care about contents; nuking /home/barry/tripPlannerStatic/Desktop/Bootcamp/week4/tripPlanner/trip/node_modules/.staging/nan-4cf656f4
313 verbose tar unpack /home/barry/.npm/pg-types/1.6.0/package.tgz
314 verbose tar unpacking to /home/barry/tripPlannerStatic/Desktop/Bootcamp/week4/tripPlanner/trip/node_modules/.staging/pg-types-70a62286
315 silly gentlyRm /home/barry/tripPlannerStatic/Desktop/Bootcamp/week4/tripPlanner/trip/node_modules/.staging/pg-types-70a62286 is being purged
316 verbose gentlyRm don't care about contents; nuking /home/barry/tripPlannerStatic/Desktop/Bootcamp/week4/tripPlanner/trip/node_modules/.staging/pg-types-70a62286
317 verbose tar unpack /home/barry/.npm/libpq/1.8.3/package.tgz
318 verbose tar unpacking to /home/barry/tripPlannerStatic/Desktop/Bootcamp/week4/tripPlanner/trip/node_modules/.staging/libpq-2da4d4b7
319 silly gentlyRm /home/barry/tripPlannerStatic/Desktop/Bootcamp/week4/tripPlanner/trip/node_modules/.staging/libpq-2da4d4b7 is being purged
320 verbose gentlyRm don't care about contents; nuking /home/barry/tripPlannerStatic/Desktop/Bootcamp/week4/tripPlanner/trip/node_modules/.staging/libpq-2da4d4b7
321 verbose tar unpack /home/barry/.npm/pg-native/1.10.0/package.tgz
322 verbose tar unpacking to /home/barry/tripPlannerStatic/Desktop/Bootcamp/week4/tripPlanner/trip/node_modules/.staging/pg-native-a45c0861
323 silly gentlyRm /home/barry/tripPlannerStatic/Desktop/Bootcamp/week4/tripPlanner/trip/node_modules/.staging/pg-native-a45c0861 is being purged
324 verbose gentlyRm don't care about contents; nuking /home/barry/tripPlannerStatic/Desktop/Bootcamp/week4/tripPlanner/trip/node_modules/.staging/pg-native-a45c0861
325 silly gunzTarPerm modes [ '775', '664' ]
326 silly gunzTarPerm modes [ '775', '664' ]
327 silly gunzTarPerm modes [ '775', '664' ]
328 silly gunzTarPerm modes [ '775', '664' ]
329 silly gunzTarPerm modes [ '775', '664' ]
330 silly gunzTarPerm extractEntry package.json
331 silly gunzTarPerm modified mode [ 'package.json', 420, 436 ]
332 silly gunzTarPerm extractEntry package.json
333 silly gunzTarPerm extractEntry package.json
334 silly gunzTarPerm modified mode [ 'package.json', 420, 436 ]
335 silly gunzTarPerm extractEntry package.json
336 silly gunzTarPerm modified mode [ 'package.json', 420, 436 ]
337 silly gunzTarPerm extractEntry package.json
338 silly gunzTarPerm modified mode [ 'package.json', 420, 436 ]
339 silly gunzTarPerm extractEntry README.md
340 silly gunzTarPerm modified mode [ 'README.md', 420, 436 ]
341 silly gunzTarPerm extractEntry bindings.js
342 silly gunzTarPerm modified mode [ 'bindings.js', 420, 436 ]
343 silly gunzTarPerm extractEntry README.md
344 silly gunzTarPerm extractEntry .npmignore
345 silly gunzTarPerm modified mode [ '.npmignore', 420, 436 ]
346 silly gunzTarPerm extractEntry README.md
347 silly gunzTarPerm modified mode [ 'README.md', 420, 436 ]
348 silly gunzTarPerm extractEntry .npmignore
349 silly gunzTarPerm modified mode [ '.npmignore', 420, 436 ]
350 silly gunzTarPerm extractEntry README.md
351 silly gunzTarPerm modified mode [ 'README.md', 420, 436 ]
352 silly gunzTarPerm extractEntry .npmignore
353 silly gunzTarPerm modified mode [ '.npmignore', 420, 436 ]
354 silly gunzTarPerm extractEntry README.md
355 silly gunzTarPerm modified mode [ 'README.md', 420, 436 ]
356 silly gunzTarPerm extractEntry include_dirs.js
357 silly gunzTarPerm extractEntry nan_converters.h
358 silly gunzTarPerm extractEntry LICENSE.md
359 silly gunzTarPerm extractEntry doc/node_misc.md
360 silly gunzTarPerm extractEntry index.js
361 silly gunzTarPerm modified mode [ 'index.js', 420, 436 ]
362 silly gunzTarPerm extractEntry .travis.yml
363 silly gunzTarPerm modified mode [ '.travis.yml', 420, 436 ]
364 silly gunzTarPerm extractEntry index.js
365 silly gunzTarPerm modified mode [ 'index.js', 420, 436 ]
366 silly gunzTarPerm extractEntry index.js
367 silly gunzTarPerm modified mode [ 'index.js', 420, 436 ]
368 silly gunzTarPerm extractEntry bench/index.js
369 silly gunzTarPerm modified mode [ 'bench/index.js', 420, 436 ]
370 silly gunzTarPerm extractEntry bench/leaks.js
371 silly gunzTarPerm modified mode [ 'bench/leaks.js', 420, 436 ]
372 silly gunzTarPerm extractEntry .travis.yml
373 silly gunzTarPerm modified mode [ '.travis.yml', 420, 436 ]
374 silly gunzTarPerm extractEntry Makefile
375 silly gunzTarPerm modified mode [ 'Makefile', 420, 436 ]
376 silly gunzTarPerm extractEntry lib/copy-stream.js
377 silly gunzTarPerm modified mode [ 'lib/copy-stream.js', 420, 436 ]
378 silly gunzTarPerm extractEntry test/array-mode.js
379 silly gunzTarPerm modified mode [ 'test/array-mode.js', 420, 436 ]
380 silly gunzTarPerm extractEntry test/custom-types.js
381 silly gunzTarPerm modified mode [ 'test/custom-types.js', 420, 436 ]
382 silly gunzTarPerm extractEntry test/domains.js
383 silly gunzTarPerm modified mode [ 'test/domains.js', 420, 436 ]
384 silly gunzTarPerm extractEntry test/huge-query.js
385 silly gunzTarPerm modified mode [ 'test/huge-query.js', 420, 436 ]
386 silly gunzTarPerm extractEntry test/copy-to.js
387 silly gunzTarPerm modified mode [ 'test/copy-to.js', 420, 436 ]
388 silly gunzTarPerm extractEntry test/async-workflow.js
389 silly gunzTarPerm modified mode [ 'test/async-workflow.js', 420, 436 ]
390 silly gunzTarPerm extractEntry test/many-connections.js
391 silly gunzTarPerm modified mode [ 'test/many-connections.js', 420, 436 ]
392 silly gunzTarPerm extractEntry test/many-errors.js
393 silly gunzTarPerm modified mode [ 'test/many-errors.js', 420, 436 ]
394 silly gunzTarPerm extractEntry test/query-sync.js
395 silly gunzTarPerm modified mode [ 'test/query-sync.js', 420, 436 ]
396 silly gunzTarPerm extractEntry test/multiple-queries.js
397 silly gunzTarPerm modified mode [ 'test/multiple-queries.js', 420, 436 ]
398 silly gunzTarPerm extractEntry test/copy-from.js
399 silly gunzTarPerm modified mode [ 'test/copy-from.js', 420, 436 ]
400 silly gunzTarPerm extractEntry test/notify.js
401 silly gunzTarPerm modified mode [ 'test/notify.js', 420, 436 ]
402 silly gunzTarPerm extractEntry test/connection.js
403 silly gunzTarPerm modified mode [ 'test/connection.js', 420, 436 ]
404 silly gunzTarPerm extractEntry test/prepare.js
405 silly gunzTarPerm modified mode [ 'test/prepare.js', 420, 436 ]
406 silly gunzTarPerm extractEntry test/cancel.js
407 silly gunzTarPerm modified mode [ 'test/cancel.js', 420, 436 ]
408 silly gunzTarPerm extractEntry test/query-async.js
409 silly gunzTarPerm modified mode [ 'test/query-async.js', 420, 436 ]
410 silly gunzTarPerm extractEntry test/index.js
411 silly gunzTarPerm modified mode [ 'test/index.js', 420, 436 ]
412 silly gunzTarPerm extractEntry test/version.js
413 silly gunzTarPerm modified mode [ 'test/version.js', 420, 436 ]
414 silly gunzTarPerm extractEntry test/load.js
415 silly gunzTarPerm modified mode [ 'test/load.js', 420, 436 ]
416 silly gunzTarPerm extractEntry test/mocha.opts
417 silly gunzTarPerm modified mode [ 'test/mocha.opts', 420, 436 ]
418 silly gunzTarPerm extractEntry doc/asyncworker.md
419 silly gunzTarPerm extractEntry binding.gyp
420 silly gunzTarPerm modified mode [ 'binding.gyp', 420, 436 ]
421 silly gunzTarPerm extractEntry .travis.yml
422 silly gunzTarPerm modified mode [ '.travis.yml', 420, 436 ]
423 silly gunzTarPerm extractEntry Makefile
424 silly gunzTarPerm modified mode [ 'Makefile', 420, 436 ]
425 silly gunzTarPerm extractEntry Makefile
426 silly gunzTarPerm modified mode [ 'Makefile', 420, 436 ]
427 silly gunzTarPerm extractEntry lib/arrayParser.js
428 silly gunzTarPerm modified mode [ 'lib/arrayParser.js', 420, 436 ]
429 silly gunzTarPerm extractEntry src/addon.cc
430 silly gunzTarPerm modified mode [ 'src/addon.cc', 420, 436 ]
431 silly gunzTarPerm extractEntry doc/callback.md
432 silly gunzTarPerm extractEntry doc/converters.md
433 silly gunzTarPerm extractEntry lib/binaryParsers.js
434 silly gunzTarPerm modified mode [ 'lib/binaryParsers.js', 420, 436 ]
435 silly gunzTarPerm extractEntry lib/textParsers.js
436 silly gunzTarPerm modified mode [ 'lib/textParsers.js', 420, 436 ]
437 silly gunzTarPerm extractEntry test/array.js
438 silly gunzTarPerm modified mode [ 'test/array.js', 420, 436 ]
439 silly gunzTarPerm extractEntry test/assert.js
440 silly gunzTarPerm modified mode [ 'test/assert.js', 420, 436 ]
441 silly gunzTarPerm extractEntry test/dates.js
442 silly gunzTarPerm modified mode [ 'test/dates.js', 420, 436 ]
443 silly gunzTarPerm extractEntry test/index.js
444 silly gunzTarPerm modified mode [ 'test/index.js', 420, 436 ]
445 silly gunzTarPerm extractEntry src/addon.h
446 silly gunzTarPerm modified mode [ 'src/addon.h', 420, 436 ]
447 silly gunzTarPerm extractEntry src/connect-async-worker.cc
448 silly gunzTarPerm modified mode [ 'src/connect-async-worker.cc', 420, 436 ]
449 silly gunzTarPerm extractEntry doc/errors.md
450 silly gunzTarPerm extractEntry doc/maybe_types.md
451 silly gunzTarPerm extractEntry src/connect-async-worker.h
452 silly gunzTarPerm modified mode [ 'src/connect-async-worker.h', 420, 436 ]
453 silly gunzTarPerm extractEntry src/connection.cc
454 silly gunzTarPerm modified mode [ 'src/connection.cc', 420, 436 ]
455 silly gunzTarPerm extractEntry doc/methods.md
456 silly gunzTarPerm extractEntry doc/new.md
457 silly gentlyRm /home/barry/tripPlannerStatic/Desktop/Bootcamp/week4/tripPlanner/trip/node_modules/.staging/bindings-334df0f4/node_modules is being purged
458 verbose gentlyRm don't care about contents; nuking /home/barry/tripPlannerStatic/Desktop/Bootcamp/week4/tripPlanner/trip/node_modules/.staging/bindings-334df0f4/node_modules
459 silly gunzTarPerm extractEntry doc/buffers.md
460 silly gunzTarPerm extractEntry doc/object_wrappers.md
461 silly gunzTarPerm extractEntry src/connection.h
462 silly gunzTarPerm modified mode [ 'src/connection.h', 420, 436 ]
463 silly gunzTarPerm extractEntry test/async-connection.js
464 silly gunzTarPerm modified mode [ 'test/async-connection.js', 420, 436 ]
465 silly gunzTarPerm extractEntry test/escaping.js
466 silly gunzTarPerm modified mode [ 'test/escaping.js', 420, 436 ]
467 silly gunzTarPerm extractEntry test/helper.js
468 silly gunzTarPerm modified mode [ 'test/helper.js', 420, 436 ]
469 silly gunzTarPerm extractEntry doc/persistent.md
470 silly gunzTarPerm extractEntry doc/scopes.md
471 silly gunzTarPerm extractEntry test/index.js
472 silly gunzTarPerm modified mode [ 'test/index.js', 420, 436 ]
473 silly gunzTarPerm extractEntry test/error-info.js
474 silly gunzTarPerm modified mode [ 'test/error-info.js', 420, 436 ]
475 silly gunzTarPerm extractEntry doc/script.md
476 silly gunzTarPerm extractEntry test/async-socket.js
477 silly gunzTarPerm modified mode [ 'test/async-socket.js', 420, 436 ]
478 silly gunzTarPerm extractEntry test/sync-prepare.js
479 silly gunzTarPerm modified mode [ 'test/sync-prepare.js', 420, 436 ]
480 silly gunzTarPerm extractEntry doc/string_bytes.md
481 silly gunzTarPerm extractEntry doc/v8_internals.md
482 silly gunzTarPerm extractEntry test/multiple-queries.js
483 silly gunzTarPerm modified mode [ 'test/multiple-queries.js', 420, 436 ]
484 silly gunzTarPerm extractEntry test/non-blocking-controls.js
485 silly gunzTarPerm modified mode [ 'test/non-blocking-controls.js', 420, 436 ]
486 silly gunzTarPerm extractEntry doc/v8_misc.md
487 silly gunzTarPerm extractEntry nan.h
488 silly gunzTarPerm extractEntry test/notification.js
489 silly gunzTarPerm modified mode [ 'test/notification.js', 420, 436 ]
490 silly gunzTarPerm extractEntry test/error-conditions.js
491 silly gunzTarPerm modified mode [ 'test/error-conditions.js', 420, 436 ]
492 silly gunzTarPerm extractEntry nan_callbacks.h
493 silly gunzTarPerm extractEntry nan_callbacks_12_inl.h
494 silly gunzTarPerm extractEntry nan_callbacks_pre_12_inl.h
495 silly gunzTarPerm extractEntry nan_converters_43_inl.h
496 silly gunzTarPerm extractEntry test/result-accessors.js
497 silly gunzTarPerm modified mode [ 'test/result-accessors.js', 420, 436 ]
498 silly gunzTarPerm extractEntry test/copy-out.js
499 silly gunzTarPerm modified mode [ 'test/copy-out.js', 420, 436 ]
500 silly gunzTarPerm extractEntry test/server-version.js
501 silly gunzTarPerm modified mode [ 'test/server-version.js', 420, 436 ]
502 silly gunzTarPerm extractEntry test/copy-in.js
503 silly gunzTarPerm modified mode [ 'test/copy-in.js', 420, 436 ]
504 silly gunzTarPerm extractEntry nan_converters_pre_43_inl.h
505 silly gunzTarPerm extractEntry nan_implementation_12_inl.h
506 silly gunzTarPerm extractEntry nan_implementation_pre_12_inl.h
507 silly gunzTarPerm extractEntry nan_maybe_43_inl.h
508 silly gunzTarPerm extractEntry test/socket.js
509 silly gunzTarPerm modified mode [ 'test/socket.js', 420, 436 ]
510 silly gunzTarPerm extractEntry test/construction.js
511 silly gunzTarPerm modified mode [ 'test/construction.js', 420, 436 ]
512 silly gunzTarPerm extractEntry nan_maybe_pre_43_inl.h
513 silly gunzTarPerm extractEntry nan_new.h
514 silly gunzTarPerm extractEntry test/sync-integration.js
515 silly gunzTarPerm modified mode [ 'test/sync-integration.js', 420, 436 ]
516 silly gunzTarPerm extractEntry test/cancel.js
517 silly gunzTarPerm modified mode [ 'test/cancel.js', 420, 436 ]
518 silly gunzTarPerm extractEntry nan_object_wrap.h
519 silly gunzTarPerm extractEntry nan_persistent_12_inl.h
520 silly gunzTarPerm extractEntry test/sync-parameters.js
521 silly gunzTarPerm modified mode [ 'test/sync-parameters.js', 420, 436 ]
522 silly gunzTarPerm extractEntry test/load.js
523 silly gunzTarPerm modified mode [ 'test/load.js', 420, 436 ]
524 silly gentlyRm /home/barry/tripPlannerStatic/Desktop/Bootcamp/week4/tripPlanner/trip/node_modules/.staging/pg-types-70a62286/node_modules is being purged
525 verbose gentlyRm don't care about contents; nuking /home/barry/tripPlannerStatic/Desktop/Bootcamp/week4/tripPlanner/trip/node_modules/.staging/pg-types-70a62286/node_modules
526 silly gunzTarPerm extractEntry nan_persistent_pre_12_inl.h
527 silly gunzTarPerm extractEntry nan_string_bytes.h
528 silly gunzTarPerm extractEntry test/sync.js
529 silly gunzTarPerm modified mode [ 'test/sync.js', 420, 436 ]
530 silly gunzTarPerm extractEntry test/many-connections.js
531 silly gunzTarPerm modified mode [ 'test/many-connections.js', 420, 436 ]
532 silly gunzTarPerm extractEntry nan_typedarray_contents.h
533 silly gunzTarPerm extractEntry nan_weak.h
534 silly gunzTarPerm extractEntry test/mocha.opts
535 silly gunzTarPerm modified mode [ 'test/mocha.opts', 420, 436 ]
536 silly gunzTarPerm extractEntry CHANGELOG.md
537 silly gunzTarPerm extractEntry tools/package.json
538 silly gunzTarPerm extractEntry tools/README.md
539 silly gunzTarPerm extractEntry tools/1to2.js
540 silly gentlyRm /home/barry/tripPlannerStatic/Desktop/Bootcamp/week4/tripPlanner/trip/node_modules/.staging/pg-native-a45c0861/node_modules is being purged
541 verbose gentlyRm don't care about contents; nuking /home/barry/tripPlannerStatic/Desktop/Bootcamp/week4/tripPlanner/trip/node_modules/.staging/pg-native-a45c0861/node_modules
542 silly gentlyRm /home/barry/tripPlannerStatic/Desktop/Bootcamp/week4/tripPlanner/trip/node_modules/.staging/libpq-2da4d4b7/node_modules is being purged
543 verbose gentlyRm don't care about contents; nuking /home/barry/tripPlannerStatic/Desktop/Bootcamp/week4/tripPlanner/trip/node_modules/.staging/libpq-2da4d4b7/node_modules
544 silly gentlyRm /home/barry/tripPlannerStatic/Desktop/Bootcamp/week4/tripPlanner/trip/node_modules/.staging/nan-4cf656f4/node_modules is being purged
545 verbose gentlyRm don't care about contents; nuking /home/barry/tripPlannerStatic/Desktop/Bootcamp/week4/tripPlanner/trip/node_modules/.staging/nan-4cf656f4/node_modules
546 silly doParallel preinstall 5
547 silly preinstall bindings@1.2.1 /home/barry/tripPlannerStatic/Desktop/Bootcamp/week4/tripPlanner/trip/node_modules/.staging/bindings-334df0f4
548 info lifecycle bindings@1.2.1~preinstall: bindings@1.2.1
549 silly preinstall nan@2.3.5 /home/barry/tripPlannerStatic/Desktop/Bootcamp/week4/tripPlanner/trip/node_modules/.staging/nan-4cf656f4
550 info lifecycle nan@2.3.5~preinstall: nan@2.3.5
551 silly preinstall libpq@1.8.3 /home/barry/tripPlannerStatic/Desktop/Bootcamp/week4/tripPlanner/trip/node_modules/.staging/libpq-2da4d4b7
552 info lifecycle libpq@1.8.3~preinstall: libpq@1.8.3
553 silly preinstall pg-types@1.6.0 /home/barry/tripPlannerStatic/Desktop/Bootcamp/week4/tripPlanner/trip/node_modules/.staging/pg-types-70a62286
554 info lifecycle pg-types@1.6.0~preinstall: pg-types@1.6.0
555 silly preinstall pg-native@1.10.0 /home/barry/tripPlannerStatic/Desktop/Bootcamp/week4/tripPlanner/trip/node_modules/.staging/pg-native-a45c0861
556 info lifecycle pg-native@1.10.0~preinstall: pg-native@1.10.0
557 silly lifecycle bindings@1.2.1~preinstall: no script for preinstall, continuing
558 silly lifecycle nan@2.3.5~preinstall: no script for preinstall, continuing
559 silly lifecycle libpq@1.8.3~preinstall: no script for preinstall, continuing
560 silly lifecycle pg-types@1.6.0~preinstall: no script for preinstall, continuing
561 silly lifecycle pg-native@1.10.0~preinstall: no script for preinstall, continuing
562 silly doReverseSerial remove 0
563 silly doSerial move 0
564 silly doSerial finalize 5
565 silly finalize /home/barry/tripPlannerStatic/Desktop/Bootcamp/week4/tripPlanner/trip/node_modules/bindings
566 silly finalize /home/barry/tripPlannerStatic/Desktop/Bootcamp/week4/tripPlanner/trip/node_modules/nan
567 silly finalize /home/barry/tripPlannerStatic/Desktop/Bootcamp/week4/tripPlanner/trip/node_modules/libpq
568 silly finalize /home/barry/tripPlannerStatic/Desktop/Bootcamp/week4/tripPlanner/trip/node_modules/pg-native/node_modules/pg-types
569 silly finalize /home/barry/tripPlannerStatic/Desktop/Bootcamp/week4/tripPlanner/trip/node_modules/pg-native
570 silly doSerial build 5
571 silly build bindings@1.2.1
572 info linkStuff bindings@1.2.1
573 silly linkStuff bindings@1.2.1 has /home/barry/tripPlannerStatic/Desktop/Bootcamp/week4/tripPlanner/trip/node_modules as its parent node_modules
574 verbose linkBins bindings@1.2.1
575 verbose linkMans bindings@1.2.1
576 silly build nan@2.3.5
577 info linkStuff nan@2.3.5
578 silly linkStuff nan@2.3.5 has /home/barry/tripPlannerStatic/Desktop/Bootcamp/week4/tripPlanner/trip/node_modules as its parent node_modules
579 verbose linkBins nan@2.3.5
580 verbose linkMans nan@2.3.5
581 silly build libpq@1.8.3
582 info linkStuff libpq@1.8.3
583 silly linkStuff libpq@1.8.3 has /home/barry/tripPlannerStatic/Desktop/Bootcamp/week4/tripPlanner/trip/node_modules as its parent node_modules
584 verbose linkBins libpq@1.8.3
585 verbose linkMans libpq@1.8.3
586 silly build pg-types@1.6.0
587 info linkStuff pg-types@1.6.0
588 silly linkStuff pg-types@1.6.0 has /home/barry/tripPlannerStatic/Desktop/Bootcamp/week4/tripPlanner/trip/node_modules/pg-native/node_modules as its parent node_modules
589 verbose linkBins pg-types@1.6.0
590 verbose linkMans pg-types@1.6.0
591 silly build pg-native@1.10.0
592 info linkStuff pg-native@1.10.0
593 silly linkStuff pg-native@1.10.0 has /home/barry/tripPlannerStatic/Desktop/Bootcamp/week4/tripPlanner/trip/node_modules as its parent node_modules
594 verbose linkBins pg-native@1.10.0
595 verbose linkMans pg-native@1.10.0
596 silly doSerial global-link 0
597 silly doParallel update-linked 0
598 silly doSerial install 5
599 silly install bindings@1.2.1 /home/barry/tripPlannerStatic/Desktop/Bootcamp/week4/tripPlanner/trip/node_modules/.staging/bindings-334df0f4
600 info lifecycle bindings@1.2.1~install: bindings@1.2.1
601 silly lifecycle bindings@1.2.1~install: no script for install, continuing
602 silly install nan@2.3.5 /home/barry/tripPlannerStatic/Desktop/Bootcamp/week4/tripPlanner/trip/node_modules/.staging/nan-4cf656f4
603 info lifecycle nan@2.3.5~install: nan@2.3.5
604 silly lifecycle nan@2.3.5~install: no script for install, continuing
605 silly install libpq@1.8.3 /home/barry/tripPlannerStatic/Desktop/Bootcamp/week4/tripPlanner/trip/node_modules/.staging/libpq-2da4d4b7
606 info lifecycle libpq@1.8.3~install: libpq@1.8.3
607 verbose lifecycle libpq@1.8.3~install: unsafe-perm in lifecycle true
608 verbose lifecycle libpq@1.8.3~install: PATH: /home/barry/.nvm/versions/node/v6.2.1/lib/node_modules/npm/bin/node-gyp-bin:/home/barry/tripPlannerStatic/Desktop/Bootcamp/week4/tripPlanner/trip/node_modules/libpq/node_modules/.bin:/home/barry/tripPlannerStatic/Desktop/Bootcamp/week4/tripPlanner/trip/node_modules/.bin:/home/barry/.nvm/versions/node/v6.2.1/bin:/home/barry/.nvm/versions/node/v6.2.1/bin:/usr/local/sbin:/usr/local/bin:/usr/sbin:/usr/bin:/sbin:/bin:/usr/games:/usr/local/games:/snap/bin
609 verbose lifecycle libpq@1.8.3~install: CWD: /home/barry/tripPlannerStatic/Desktop/Bootcamp/week4/tripPlanner/trip/node_modules/libpq
610 silly lifecycle libpq@1.8.3~install: Args: [ '-c', 'node-gyp rebuild' ]
611 silly lifecycle libpq@1.8.3~install: Returned: code: 1  signal: null
612 info lifecycle libpq@1.8.3~install: Failed to exec install script
613 verbose unlock done using /home/barry/.npm/_locks/staging-f8a385b466996248.lock for /home/barry/tripPlannerStatic/Desktop/Bootcamp/week4/tripPlanner/trip/node_modules/.staging
614 silly rollbackFailedOptional Starting
615 silly rollbackFailedOptional Finishing
616 silly runTopLevelLifecycles Starting
617 silly runTopLevelLifecycles Finishing
618 silly install printInstalled
619 warn optional Skipping failed optional dependency /chokidar/fsevents:
620 warn notsup Not compatible with your operating system or architecture: fsevents@1.0.12
621 warn trip@1.0.0 No description
622 warn trip@1.0.0 No repository field.
623 verbose stack Error: libpq@1.8.3 install: `node-gyp rebuild`
623 verbose stack Exit status 1
623 verbose stack     at EventEmitter.<anonymous> (/home/barry/.nvm/versions/node/v6.2.1/lib/node_modules/npm/lib/utils/lifecycle.js:245:16)
623 verbose stack     at emitTwo (events.js:106:13)
623 verbose stack     at EventEmitter.emit (events.js:191:7)
623 verbose stack     at ChildProcess.<anonymous> (/home/barry/.nvm/versions/node/v6.2.1/lib/node_modules/npm/lib/utils/spawn.js:24:14)
623 verbose stack     at emitTwo (events.js:106:13)
623 verbose stack     at ChildProcess.emit (events.js:191:7)
623 verbose stack     at maybeClose (internal/child_process.js:852:16)
623 verbose stack     at Process.ChildProcess._handle.onexit (internal/child_process.js:215:5)
624 verbose pkgid libpq@1.8.3
625 verbose cwd /home/barry/tripPlannerStatic/Desktop/Bootcamp/week4/tripPlanner/trip
626 error Linux 4.4.0-24-generic
627 error argv "/home/barry/.nvm/versions/node/v6.2.1/bin/node" "/home/barry/.nvm/versions/node/v6.2.1/bin/npm" "install"
628 error node v6.2.1
629 error npm  v3.9.3
630 error code ELIFECYCLE
631 error libpq@1.8.3 install: `node-gyp rebuild`
631 error Exit status 1
632 error Failed at the libpq@1.8.3 install script 'node-gyp rebuild'.
632 error Make sure you have the latest version of node.js and npm installed.
632 error If you do, this is most likely a problem with the libpq package,
632 error not with npm itself.
632 error Tell the author that this fails on your system:
632 error     node-gyp rebuild
632 error You can get information on how to open an issue for this project with:
632 error     npm bugs libpq
632 error Or if that isn't available, you can get their info via:
632 error     npm owner ls libpq
632 error There is likely additional logging output above.
633 verbose exit [ 1, true ]
